<?xml version="1.0"?>
<!--Phoronix Test Suite v5.2.1 (Khanino)-->
<?xml-stylesheet type="text/xsl" href="pts-results-viewer.xsl"?>
<PhoronixTestSuite>
  <Generated>
    <Title>2018-12-02-2241</Title>
    <LastModified>2018-12-02 22:41:36</LastModified>
    <TestClient>Phoronix Test Suite v5.2.1 (Khanino)</TestClient>
    <Description>VMware testing on Ubuntu 18.10 via the Phoronix Test Suite.</Description>
    <PreSetEnvironmentVariables></PreSetEnvironmentVariables>
  </Generated>
  <System>
    <Identifier>Intel Core i7-8700K</Identifier>
    <Hardware>Processor: Intel Core i7-8700K @ 3.70GHz (4 Cores), Motherboard: Intel 440BX, Chipset: Intel 440BX/ZX/DX, Memory: 16384MB, Disk: 70GB VMware Virtual S, Graphics: SVGA3D; build: RELEASE; LLVM;, Audio: Ensoniq ES1371/ES1373, Network: Intel 82545EM Gigabit</Hardware>
    <Software>OS: Ubuntu 18.10, Kernel: 4.18.0-10-generic (x86_64), Desktop: GNOME Shell 3.30.1, OpenGL: 3.3 Mesa 18.2.2, File-System: ext4, Screen Resolution: 1232x784, System Layer: VMware</Software>
    <User>historybuffjb</User>
    <TimeStamp>2018-12-02 22:41:36</TimeStamp>
    <TestClientVersion>5.2.1</TestClientVersion>
    <Notes></Notes>
    <JSON>{"compiler-configuration":"--build=x86_64-linux-gnu --disable-vtable-verify --disable-werror --enable-checking=release --enable-clocale=gnu --enable-default-pie --enable-gnu-unique-object --enable-languages=c,ada,c++,go,brig,d,fortran,objc,obj-c++ --enable-libmpx --enable-libstdcxx-debug --enable-libstdcxx-time=yes --enable-multiarch --enable-multilib --enable-nls --enable-objc-gc=auto --enable-offload-targets=nvptx-none --enable-plugin --enable-shared --enable-threads=posix --host=x86_64-linux-gnu --program-prefix=x86_64-linux-gnu- --target=x86_64-linux-gnu --with-abi=m64 --with-arch-32=i686 --with-default-libstdcxx-abi=new --with-gcc-major-version-only --with-multilib-list=m32,m64,mx32 --with-target-system-zlib --with-tune=generic --without-cuda-driver -v"}</JSON>
  </System>
  <Result>
    <Identifier>pts/polybench-c-1.2.0</Identifier>
    <Title>PolyBench-C</Title>
    <AppVersion>4.2</AppVersion>
    <Arguments>covariance</Arguments>
    <Description>Test: Covariance Computation</Description>
    <Scale>Seconds</Scale>
    <Proportion>LIB</Proportion>
    <DisplayFormat>BAR_GRAPH</DisplayFormat>
    <Data>
      <Entry>
        <Identifier>Intel Core i7-8700K</Identifier>
        <Value>9.77</Value>
        <RawString>9.6512579917908:9.7474160194397:9.9149599075317</RawString>
        <JSON>{"compiler-options":{"compiler-type":"CC","compiler":"gcc","compiler-options":"-O3 -march=native"}}</JSON>
      </Entry>
    </Data>
  </Result>
  <Result>
    <Identifier>pts/polybench-c-1.2.0</Identifier>
    <Title>PolyBench-C</Title>
    <AppVersion>4.2</AppVersion>
    <Arguments>correlation</Arguments>
    <Description>Test: Correlation Computation</Description>
    <Scale>Seconds</Scale>
    <Proportion>LIB</Proportion>
    <DisplayFormat>BAR_GRAPH</DisplayFormat>
    <Data>
      <Entry>
        <Identifier>Intel Core i7-8700K</Identifier>
        <Value>9.84</Value>
        <RawString>9.8383920192719:9.8941810131073:9.7991540431976</RawString>
        <JSON>{"compiler-options":{"compiler-type":"CC","compiler":"gcc","compiler-options":"-O3 -march=native"}}</JSON>
      </Entry>
    </Data>
  </Result>
  <Result>
    <Identifier>pts/polybench-c-1.2.0</Identifier>
    <Title>PolyBench-C</Title>
    <AppVersion>4.2</AppVersion>
    <Arguments>3mm</Arguments>
    <Description>Test: 3 Matrix Multiplications</Description>
    <Scale>Seconds</Scale>
    <Proportion>LIB</Proportion>
    <DisplayFormat>BAR_GRAPH</DisplayFormat>
    <Data>
      <Entry>
        <Identifier>Intel Core i7-8700K</Identifier>
        <Value>4.23</Value>
        <RawString>4.4217638969421:4.9310081005096:4.0257248878479:3.7533600330353:3.9960160255432:4.2406539916992</RawString>
        <JSON>{"compiler-options":{"compiler-type":"CC","compiler":"gcc","compiler-options":"-O3 -march=native"}}</JSON>
      </Entry>
    </Data>
  </Result>
</PhoronixTestSuite>
