<?xml version="1.0"?>
<!--Phoronix Test Suite v5.2.1 (Khanino)-->
<?xml-stylesheet type="text/xsl" href="pts-results-viewer.xsl"?>
<PhoronixTestSuite>
  <Generated>
    <Title>2018-12-01-1051</Title>
    <LastModified>2018-12-01 10:51:30</LastModified>
    <TestClient>Phoronix Test Suite v5.2.1 (Khanino)</TestClient>
    <Description>QEMU testing on Ubuntu 16.04 via the Phoronix Test Suite.</Description>
    <PreSetEnvironmentVariables></PreSetEnvironmentVariables>
  </Generated>
  <System>
    <Identifier>2018-12-01 10:51</Identifier>
    <Hardware>Processor: 8 x QEMU Virtual 2.5+ @ 2.20GHz (8 Cores), Motherboard: QEMU Standard PC (i440FX + PIIX 1996), Chipset: Intel 440FX- 82441FX PMC, Memory: 16384 MB + 12227 MB RAM, Disk: 49GB, Network: Red Hat Virtio device</Hardware>
    <Software>OS: Ubuntu 16.04, Kernel: 4.4.0-139-generic (x86_64), Compiler: GCC 5.4.0 20160609, File-System: ext4, System Layer: QEMU</Software>
    <User>root</User>
    <TimeStamp>2018-12-01 10:51:30</TimeStamp>
    <TestClientVersion>5.2.1</TestClientVersion>
    <Notes></Notes>
  </System>
  <Result>
    <Identifier>pts/systemd-boot-total-1.0.5</Identifier>
    <Title>Systemd Total Boot Time</Title>
    <AppVersion></AppVersion>
    <Arguments>total</Arguments>
    <Description>Test: Total</Description>
    <Scale>ms</Scale>
    <Proportion>LIB</Proportion>
    <DisplayFormat>BAR_GRAPH</DisplayFormat>
    <Data>
      <Entry>
        <Identifier>2018-12-01 10:51</Identifier>
        <Value>11158</Value>
        <RawString>11158</RawString>
      </Entry>
    </Data>
  </Result>
  <Result>
    <Identifier>pts/systemd-boot-total-1.0.5</Identifier>
    <Title>Systemd Total Boot Time</Title>
    <AppVersion></AppVersion>
    <Arguments>kernel</Arguments>
    <Description>Test: Kernel</Description>
    <Scale>ms</Scale>
    <Proportion>LIB</Proportion>
    <DisplayFormat>BAR_GRAPH</DisplayFormat>
    <Data>
      <Entry>
        <Identifier>2018-12-01 10:51</Identifier>
        <Value>4953</Value>
        <RawString>4953</RawString>
      </Entry>
    </Data>
  </Result>
  <Result>
    <Identifier>pts/systemd-boot-total-1.0.5</Identifier>
    <Title>Systemd Total Boot Time</Title>
    <AppVersion></AppVersion>
    <Arguments>userspace</Arguments>
    <Description>Test: Userspace</Description>
    <Scale>ms</Scale>
    <Proportion>LIB</Proportion>
    <DisplayFormat>BAR_GRAPH</DisplayFormat>
    <Data>
      <Entry>
        <Identifier>2018-12-01 10:51</Identifier>
        <Value>6205</Value>
        <RawString>6205</RawString>
      </Entry>
    </Data>
  </Result>
</PhoronixTestSuite>
