<?xml version="1.0"?>
<!--Phoronix Test Suite v5.2.1 (Khanino)-->
<?xml-stylesheet type="text/xsl" href="pts-results-viewer.xsl"?>
<PhoronixTestSuite>
  <Generated>
    <Title>2018-12-01-2210</Title>
    <LastModified>2018-12-01 22:10:10</LastModified>
    <TestClient>Phoronix Test Suite v5.2.1 (Khanino)</TestClient>
    <Description>QEMU testing on Ubuntu 16.04 via the Phoronix Test Suite.</Description>
    <PreSetEnvironmentVariables></PreSetEnvironmentVariables>
  </Generated>
  <System>
    <Identifier>2018-12-01 22:10</Identifier>
    <Hardware>Processor: 8 x QEMU Virtual 2.5+ @ 2.00GHz (8 Cores), Motherboard: QEMU Standard PC (i440FX + PIIX 1996), Chipset: Intel 440FX- 82441FX PMC, Memory: 16384 MB + 12227 MB RAM, Disk: 49GB, Network: Red Hat Virtio device</Hardware>
    <Software>OS: Ubuntu 16.04, Kernel: 4.4.0-139-generic (x86_64), Compiler: GCC 5.4.0 20160609, File-System: ext4, System Layer: QEMU</Software>
    <User>root</User>
    <TimeStamp>2018-12-01 22:10:10</TimeStamp>
    <TestClientVersion>5.2.1</TestClientVersion>
    <Notes></Notes>
    <JSON>{"compiler-configuration":"--build=x86_64-linux-gnu --disable-browser-plugin --disable-vtable-verify --disable-werror --enable-checking=release --enable-clocale=gnu --enable-gnu-unique-object --enable-gtk-cairo --enable-java-awt=gtk --enable-java-home --enable-languages=c,ada,c++,java,go,d,fortran,objc,obj-c++ --enable-libmpx --enable-libstdcxx-debug --enable-libstdcxx-time=yes --enable-multiarch --enable-multilib --enable-nls --enable-objc-gc --enable-plugin --enable-shared --enable-threads=posix --host=x86_64-linux-gnu --target=x86_64-linux-gnu --with-abi=m64 --with-arch-32=i686 --with-arch-directory=amd64 --with-default-libstdcxx-abi=new --with-multilib-list=m32,m64,mx32 --with-tune=generic -v"}</JSON>
  </System>
  <Result>
    <Identifier>pts/schbench-1.0.0</Identifier>
    <Title>Schbench</Title>
    <AppVersion></AppVersion>
    <Arguments>-m 2 -t 2</Arguments>
    <Description>Message Threads: 2 - Workers Per Message Thread: 2</Description>
    <Scale>usec, 99.9th Latency Percentile</Scale>
    <Proportion>LIB</Proportion>
    <DisplayFormat>BAR_GRAPH</DisplayFormat>
    <Data>
      <Entry>
        <Identifier>2018-12-01 22:10</Identifier>
        <Value>936</Value>
        <RawString>969:589:1250</RawString>
        <JSON>{"compiler-options":{"compiler-type":"CC","compiler":"gcc","compiler-options":"-O2 -lpthread"}}</JSON>
      </Entry>
    </Data>
  </Result>
  <Result>
    <Identifier>pts/schbench-1.0.0</Identifier>
    <Title>Schbench</Title>
    <AppVersion></AppVersion>
    <Arguments>-m 2 -t 4</Arguments>
    <Description>Message Threads: 2 - Workers Per Message Thread: 4</Description>
    <Scale>usec, 99.9th Latency Percentile</Scale>
    <Proportion>LIB</Proportion>
    <DisplayFormat>BAR_GRAPH</DisplayFormat>
    <Data>
      <Entry>
        <Identifier>2018-12-01 22:10</Identifier>
        <Value>17061</Value>
        <RawString>16928:16176:18080</RawString>
        <JSON>{"compiler-options":{"compiler-type":"CC","compiler":"gcc","compiler-options":"-O2 -lpthread"}}</JSON>
      </Entry>
    </Data>
  </Result>
  <Result>
    <Identifier>pts/schbench-1.0.0</Identifier>
    <Title>Schbench</Title>
    <AppVersion></AppVersion>
    <Arguments>-m 2 -t 6</Arguments>
    <Description>Message Threads: 2 - Workers Per Message Thread: 6</Description>
    <Scale>usec, 99.9th Latency Percentile</Scale>
    <Proportion>LIB</Proportion>
    <DisplayFormat>BAR_GRAPH</DisplayFormat>
    <Data>
      <Entry>
        <Identifier>2018-12-01 22:10</Identifier>
        <Value>38464</Value>
        <RawString>39872:38592:36928</RawString>
        <JSON>{"compiler-options":{"compiler-type":"CC","compiler":"gcc","compiler-options":"-O2 -lpthread"}}</JSON>
      </Entry>
    </Data>
  </Result>
  <Result>
    <Identifier>pts/schbench-1.0.0</Identifier>
    <Title>Schbench</Title>
    <AppVersion></AppVersion>
    <Arguments>-m 2 -t 8</Arguments>
    <Description>Message Threads: 2 - Workers Per Message Thread: 8</Description>
    <Scale>usec, 99.9th Latency Percentile</Scale>
    <Proportion>LIB</Proportion>
    <DisplayFormat>BAR_GRAPH</DisplayFormat>
    <Data>
      <Entry>
        <Identifier>2018-12-01 22:10</Identifier>
        <Value>34592</Value>
        <RawString>35392:30304:38080</RawString>
        <JSON>{"compiler-options":{"compiler-type":"CC","compiler":"gcc","compiler-options":"-O2 -lpthread"}}</JSON>
      </Entry>
    </Data>
  </Result>
  <Result>
    <Identifier>pts/schbench-1.0.0</Identifier>
    <Title>Schbench</Title>
    <AppVersion></AppVersion>
    <Arguments>-m 4 -t 2</Arguments>
    <Description>Message Threads: 4 - Workers Per Message Thread: 2</Description>
    <Scale>usec, 99.9th Latency Percentile</Scale>
    <Proportion>LIB</Proportion>
    <DisplayFormat>BAR_GRAPH</DisplayFormat>
    <Data>
      <Entry>
        <Identifier>2018-12-01 22:10</Identifier>
        <Value>14949</Value>
        <RawString>16016:13008:15824</RawString>
        <JSON>{"compiler-options":{"compiler-type":"CC","compiler":"gcc","compiler-options":"-O2 -lpthread"}}</JSON>
      </Entry>
    </Data>
  </Result>
  <Result>
    <Identifier>pts/schbench-1.0.0</Identifier>
    <Title>Schbench</Title>
    <AppVersion></AppVersion>
    <Arguments>-m 4 -t 4</Arguments>
    <Description>Message Threads: 4 - Workers Per Message Thread: 4</Description>
    <Scale>usec, 99.9th Latency Percentile</Scale>
    <Proportion>LIB</Proportion>
    <DisplayFormat>BAR_GRAPH</DisplayFormat>
    <Data>
      <Entry>
        <Identifier>2018-12-01 22:10</Identifier>
        <Value>34549</Value>
        <RawString>35008:32608:36032</RawString>
        <JSON>{"compiler-options":{"compiler-type":"CC","compiler":"gcc","compiler-options":"-O2 -lpthread"}}</JSON>
      </Entry>
    </Data>
  </Result>
  <Result>
    <Identifier>pts/schbench-1.0.0</Identifier>
    <Title>Schbench</Title>
    <AppVersion></AppVersion>
    <Arguments>-m 4 -t 6</Arguments>
    <Description>Message Threads: 4 - Workers Per Message Thread: 6</Description>
    <Scale>usec, 99.9th Latency Percentile</Scale>
    <Proportion>LIB</Proportion>
    <DisplayFormat>BAR_GRAPH</DisplayFormat>
    <Data>
      <Entry>
        <Identifier>2018-12-01 22:10</Identifier>
        <Value>45973</Value>
        <RawString>47552:44736:45632</RawString>
        <JSON>{"compiler-options":{"compiler-type":"CC","compiler":"gcc","compiler-options":"-O2 -lpthread"}}</JSON>
      </Entry>
    </Data>
  </Result>
  <Result>
    <Identifier>pts/schbench-1.0.0</Identifier>
    <Title>Schbench</Title>
    <AppVersion></AppVersion>
    <Arguments>-m 4 -t 8</Arguments>
    <Description>Message Threads: 4 - Workers Per Message Thread: 8</Description>
    <Scale>usec, 99.9th Latency Percentile</Scale>
    <Proportion>LIB</Proportion>
    <DisplayFormat>BAR_GRAPH</DisplayFormat>
    <Data>
      <Entry>
        <Identifier>2018-12-01 22:10</Identifier>
        <Value>55701</Value>
        <RawString>54464:55616:57024</RawString>
        <JSON>{"compiler-options":{"compiler-type":"CC","compiler":"gcc","compiler-options":"-O2 -lpthread"}}</JSON>
      </Entry>
    </Data>
  </Result>
  <Result>
    <Identifier>pts/schbench-1.0.0</Identifier>
    <Title>Schbench</Title>
    <AppVersion></AppVersion>
    <Arguments>-m 6 -t 2</Arguments>
    <Description>Message Threads: 6 - Workers Per Message Thread: 2</Description>
    <Scale>usec, 99.9th Latency Percentile</Scale>
    <Proportion>LIB</Proportion>
    <DisplayFormat>BAR_GRAPH</DisplayFormat>
    <Data>
      <Entry>
        <Identifier>2018-12-01 22:10</Identifier>
        <Value>29387</Value>
        <RawString>28960:29088:30112</RawString>
        <JSON>{"compiler-options":{"compiler-type":"CC","compiler":"gcc","compiler-options":"-O2 -lpthread"}}</JSON>
      </Entry>
    </Data>
  </Result>
  <Result>
    <Identifier>pts/schbench-1.0.0</Identifier>
    <Title>Schbench</Title>
    <AppVersion></AppVersion>
    <Arguments>-m 6 -t 4</Arguments>
    <Description>Message Threads: 6 - Workers Per Message Thread: 4</Description>
    <Scale>usec, 99.9th Latency Percentile</Scale>
    <Proportion>LIB</Proportion>
    <DisplayFormat>BAR_GRAPH</DisplayFormat>
    <Data>
      <Entry>
        <Identifier>2018-12-01 22:10</Identifier>
        <Value>43200</Value>
        <RawString>43328:43968:42304</RawString>
        <JSON>{"compiler-options":{"compiler-type":"CC","compiler":"gcc","compiler-options":"-O2 -lpthread"}}</JSON>
      </Entry>
    </Data>
  </Result>
  <Result>
    <Identifier>pts/schbench-1.0.0</Identifier>
    <Title>Schbench</Title>
    <AppVersion></AppVersion>
    <Arguments>-m 6 -t 6</Arguments>
    <Description>Message Threads: 6 - Workers Per Message Thread: 6</Description>
    <Scale>usec, 99.9th Latency Percentile</Scale>
    <Proportion>LIB</Proportion>
    <DisplayFormat>BAR_GRAPH</DisplayFormat>
    <Data>
      <Entry>
        <Identifier>2018-12-01 22:10</Identifier>
        <Value>59499</Value>
        <RawString>57152:58048:63296</RawString>
        <JSON>{"compiler-options":{"compiler-type":"CC","compiler":"gcc","compiler-options":"-O2 -lpthread"}}</JSON>
      </Entry>
    </Data>
  </Result>
  <Result>
    <Identifier>pts/schbench-1.0.0</Identifier>
    <Title>Schbench</Title>
    <AppVersion></AppVersion>
    <Arguments>-m 6 -t 8</Arguments>
    <Description>Message Threads: 6 - Workers Per Message Thread: 8</Description>
    <Scale>usec, 99.9th Latency Percentile</Scale>
    <Proportion>LIB</Proportion>
    <DisplayFormat>BAR_GRAPH</DisplayFormat>
    <Data>
      <Entry>
        <Identifier>2018-12-01 22:10</Identifier>
        <Value>89813</Value>
        <RawString>88704:85632:95104</RawString>
        <JSON>{"compiler-options":{"compiler-type":"CC","compiler":"gcc","compiler-options":"-O2 -lpthread"}}</JSON>
      </Entry>
    </Data>
  </Result>
  <Result>
    <Identifier>pts/schbench-1.0.0</Identifier>
    <Title>Schbench</Title>
    <AppVersion></AppVersion>
    <Arguments>-m 8 -t 2</Arguments>
    <Description>Message Threads: 8 - Workers Per Message Thread: 2</Description>
    <Scale>usec, 99.9th Latency Percentile</Scale>
    <Proportion>LIB</Proportion>
    <DisplayFormat>BAR_GRAPH</DisplayFormat>
    <Data>
      <Entry>
        <Identifier>2018-12-01 22:10</Identifier>
        <Value>31424</Value>
        <RawString>33344:30176:30752</RawString>
        <JSON>{"compiler-options":{"compiler-type":"CC","compiler":"gcc","compiler-options":"-O2 -lpthread"}}</JSON>
      </Entry>
    </Data>
  </Result>
  <Result>
    <Identifier>pts/schbench-1.0.0</Identifier>
    <Title>Schbench</Title>
    <AppVersion></AppVersion>
    <Arguments>-m 8 -t 4</Arguments>
    <Description>Message Threads: 8 - Workers Per Message Thread: 4</Description>
    <Scale>usec, 99.9th Latency Percentile</Scale>
    <Proportion>LIB</Proportion>
    <DisplayFormat>BAR_GRAPH</DisplayFormat>
    <Data>
      <Entry>
        <Identifier>2018-12-01 22:10</Identifier>
        <Value>52416</Value>
        <RawString>51008:55360:50880</RawString>
        <JSON>{"compiler-options":{"compiler-type":"CC","compiler":"gcc","compiler-options":"-O2 -lpthread"}}</JSON>
      </Entry>
    </Data>
  </Result>
  <Result>
    <Identifier>pts/schbench-1.0.0</Identifier>
    <Title>Schbench</Title>
    <AppVersion></AppVersion>
    <Arguments>-m 8 -t 6</Arguments>
    <Description>Message Threads: 8 - Workers Per Message Thread: 6</Description>
    <Scale>usec, 99.9th Latency Percentile</Scale>
    <Proportion>LIB</Proportion>
    <DisplayFormat>BAR_GRAPH</DisplayFormat>
    <Data>
      <Entry>
        <Identifier>2018-12-01 22:10</Identifier>
        <Value>86485</Value>
        <RawString>80000:87424:92032</RawString>
        <JSON>{"compiler-options":{"compiler-type":"CC","compiler":"gcc","compiler-options":"-O2 -lpthread"}}</JSON>
      </Entry>
    </Data>
  </Result>
  <Result>
    <Identifier>pts/schbench-1.0.0</Identifier>
    <Title>Schbench</Title>
    <AppVersion></AppVersion>
    <Arguments>-m 8 -t 8</Arguments>
    <Description>Message Threads: 8 - Workers Per Message Thread: 8</Description>
    <Scale>usec, 99.9th Latency Percentile</Scale>
    <Proportion>LIB</Proportion>
    <DisplayFormat>BAR_GRAPH</DisplayFormat>
    <Data>
      <Entry>
        <Identifier>2018-12-01 22:10</Identifier>
        <Value>115328</Value>
        <RawString>116608:117120:112256</RawString>
        <JSON>{"compiler-options":{"compiler-type":"CC","compiler":"gcc","compiler-options":"-O2 -lpthread"}}</JSON>
      </Entry>
    </Data>
  </Result>
  <Result>
    <Identifier>pts/schbench-1.0.0</Identifier>
    <Title>Schbench</Title>
    <AppVersion></AppVersion>
    <Arguments>-m 16 -t 2</Arguments>
    <Description>Message Threads: 16 - Workers Per Message Thread: 2</Description>
    <Scale>usec, 99.9th Latency Percentile</Scale>
    <Proportion>LIB</Proportion>
    <DisplayFormat>BAR_GRAPH</DisplayFormat>
    <Data>
      <Entry>
        <Identifier>2018-12-01 22:10</Identifier>
        <Value>47893</Value>
        <RawString>47040:48320:48320</RawString>
        <JSON>{"compiler-options":{"compiler-type":"CC","compiler":"gcc","compiler-options":"-O2 -lpthread"}}</JSON>
      </Entry>
    </Data>
  </Result>
  <Result>
    <Identifier>pts/schbench-1.0.0</Identifier>
    <Title>Schbench</Title>
    <AppVersion></AppVersion>
    <Arguments>-m 16 -t 4</Arguments>
    <Description>Message Threads: 16 - Workers Per Message Thread: 4</Description>
    <Scale>usec, 99.9th Latency Percentile</Scale>
    <Proportion>LIB</Proportion>
    <DisplayFormat>BAR_GRAPH</DisplayFormat>
    <Data>
      <Entry>
        <Identifier>2018-12-01 22:10</Identifier>
        <Value>108928</Value>
        <RawString>110208:109952:106624</RawString>
        <JSON>{"compiler-options":{"compiler-type":"CC","compiler":"gcc","compiler-options":"-O2 -lpthread"}}</JSON>
      </Entry>
    </Data>
  </Result>
  <Result>
    <Identifier>pts/schbench-1.0.0</Identifier>
    <Title>Schbench</Title>
    <AppVersion></AppVersion>
    <Arguments>-m 16 -t 6</Arguments>
    <Description>Message Threads: 16 - Workers Per Message Thread: 6</Description>
    <Scale>usec, 99.9th Latency Percentile</Scale>
    <Proportion>LIB</Proportion>
    <DisplayFormat>BAR_GRAPH</DisplayFormat>
    <Data>
      <Entry>
        <Identifier>2018-12-01 22:10</Identifier>
        <Value>169216</Value>
        <RawString>162048:170752:174848</RawString>
        <JSON>{"compiler-options":{"compiler-type":"CC","compiler":"gcc","compiler-options":"-O2 -lpthread"}}</JSON>
      </Entry>
    </Data>
  </Result>
  <Result>
    <Identifier>pts/schbench-1.0.0</Identifier>
    <Title>Schbench</Title>
    <AppVersion></AppVersion>
    <Arguments>-m 16 -t 8</Arguments>
    <Description>Message Threads: 16 - Workers Per Message Thread: 8</Description>
    <Scale>usec, 99.9th Latency Percentile</Scale>
    <Proportion>LIB</Proportion>
    <DisplayFormat>BAR_GRAPH</DisplayFormat>
    <Data>
      <Entry>
        <Identifier>2018-12-01 22:10</Identifier>
        <Value>183211</Value>
        <RawString>180992:179456:189184</RawString>
        <JSON>{"compiler-options":{"compiler-type":"CC","compiler":"gcc","compiler-options":"-O2 -lpthread"}}</JSON>
      </Entry>
    </Data>
  </Result>
  <Result>
    <Identifier>pts/schbench-1.0.0</Identifier>
    <Title>Schbench</Title>
    <AppVersion></AppVersion>
    <Arguments>-m 2 -t 16</Arguments>
    <Description>Message Threads: 2 - Workers Per Message Thread: 16</Description>
    <Scale>usec, 99.9th Latency Percentile</Scale>
    <Proportion>LIB</Proportion>
    <DisplayFormat>BAR_GRAPH</DisplayFormat>
    <Data>
      <Entry>
        <Identifier>2018-12-01 22:10</Identifier>
        <Value>61589</Value>
        <RawString>60352:65344:59072</RawString>
        <JSON>{"compiler-options":{"compiler-type":"CC","compiler":"gcc","compiler-options":"-O2 -lpthread"}}</JSON>
      </Entry>
    </Data>
  </Result>
  <Result>
    <Identifier>pts/schbench-1.0.0</Identifier>
    <Title>Schbench</Title>
    <AppVersion></AppVersion>
    <Arguments>-m 2 -t 24</Arguments>
    <Description>Message Threads: 2 - Workers Per Message Thread: 24</Description>
    <Scale>usec, 99.9th Latency Percentile</Scale>
    <Proportion>LIB</Proportion>
    <DisplayFormat>BAR_GRAPH</DisplayFormat>
    <Data>
      <Entry>
        <Identifier>2018-12-01 22:10</Identifier>
        <Value>96128</Value>
        <RawString>94336:98944:95104</RawString>
        <JSON>{"compiler-options":{"compiler-type":"CC","compiler":"gcc","compiler-options":"-O2 -lpthread"}}</JSON>
      </Entry>
    </Data>
  </Result>
  <Result>
    <Identifier>pts/schbench-1.0.0</Identifier>
    <Title>Schbench</Title>
    <AppVersion></AppVersion>
    <Arguments>-m 2 -t 32</Arguments>
    <Description>Message Threads: 2 - Workers Per Message Thread: 32</Description>
    <Scale>usec, 99.9th Latency Percentile</Scale>
    <Proportion>LIB</Proportion>
    <DisplayFormat>BAR_GRAPH</DisplayFormat>
    <Data>
      <Entry>
        <Identifier>2018-12-01 22:10</Identifier>
        <Value>118059</Value>
        <RawString>117120:116096:120960</RawString>
        <JSON>{"compiler-options":{"compiler-type":"CC","compiler":"gcc","compiler-options":"-O2 -lpthread"}}</JSON>
      </Entry>
    </Data>
  </Result>
  <Result>
    <Identifier>pts/schbench-1.0.0</Identifier>
    <Title>Schbench</Title>
    <AppVersion></AppVersion>
    <Arguments>-m 32 -t 2</Arguments>
    <Description>Message Threads: 32 - Workers Per Message Thread: 2</Description>
    <Scale>usec, 99.9th Latency Percentile</Scale>
    <Proportion>LIB</Proportion>
    <DisplayFormat>BAR_GRAPH</DisplayFormat>
    <Data>
      <Entry>
        <Identifier>2018-12-01 22:10</Identifier>
        <Value>103211</Value>
        <RawString>107392:100736:101504</RawString>
        <JSON>{"compiler-options":{"compiler-type":"CC","compiler":"gcc","compiler-options":"-O2 -lpthread"}}</JSON>
      </Entry>
    </Data>
  </Result>
  <Result>
    <Identifier>pts/schbench-1.0.0</Identifier>
    <Title>Schbench</Title>
    <AppVersion></AppVersion>
    <Arguments>-m 32 -t 4</Arguments>
    <Description>Message Threads: 32 - Workers Per Message Thread: 4</Description>
    <Scale>usec, 99.9th Latency Percentile</Scale>
    <Proportion>LIB</Proportion>
    <DisplayFormat>BAR_GRAPH</DisplayFormat>
    <Data>
      <Entry>
        <Identifier>2018-12-01 22:10</Identifier>
        <Value>201472</Value>
        <RawString>190720:209664:204032</RawString>
        <JSON>{"compiler-options":{"compiler-type":"CC","compiler":"gcc","compiler-options":"-O2 -lpthread"}}</JSON>
      </Entry>
    </Data>
  </Result>
  <Result>
    <Identifier>pts/schbench-1.0.0</Identifier>
    <Title>Schbench</Title>
    <AppVersion></AppVersion>
    <Arguments>-m 32 -t 6</Arguments>
    <Description>Message Threads: 32 - Workers Per Message Thread: 6</Description>
    <Scale>usec, 99.9th Latency Percentile</Scale>
    <Proportion>LIB</Proportion>
    <DisplayFormat>BAR_GRAPH</DisplayFormat>
    <Data>
      <Entry>
        <Identifier>2018-12-01 22:10</Identifier>
        <Value>260523</Value>
        <RawString>268800:264704:248064</RawString>
        <JSON>{"compiler-options":{"compiler-type":"CC","compiler":"gcc","compiler-options":"-O2 -lpthread"}}</JSON>
      </Entry>
    </Data>
  </Result>
  <Result>
    <Identifier>pts/schbench-1.0.0</Identifier>
    <Title>Schbench</Title>
    <AppVersion></AppVersion>
    <Arguments>-m 32 -t 8</Arguments>
    <Description>Message Threads: 32 - Workers Per Message Thread: 8</Description>
    <Scale>usec, 99.9th Latency Percentile</Scale>
    <Proportion>LIB</Proportion>
    <DisplayFormat>BAR_GRAPH</DisplayFormat>
    <Data>
      <Entry>
        <Identifier>2018-12-01 22:10</Identifier>
        <Value>355840</Value>
        <RawString>381440:356864:329216</RawString>
        <JSON>{"compiler-options":{"compiler-type":"CC","compiler":"gcc","compiler-options":"-O2 -lpthread"}}</JSON>
      </Entry>
    </Data>
  </Result>
  <Result>
    <Identifier>pts/schbench-1.0.0</Identifier>
    <Title>Schbench</Title>
    <AppVersion></AppVersion>
    <Arguments>-m 4 -t 16</Arguments>
    <Description>Message Threads: 4 - Workers Per Message Thread: 16</Description>
    <Scale>usec, 99.9th Latency Percentile</Scale>
    <Proportion>LIB</Proportion>
    <DisplayFormat>BAR_GRAPH</DisplayFormat>
    <Data>
      <Entry>
        <Identifier>2018-12-01 22:10</Identifier>
        <Value>120192</Value>
        <RawString>119168:124032:117376</RawString>
        <JSON>{"compiler-options":{"compiler-type":"CC","compiler":"gcc","compiler-options":"-O2 -lpthread"}}</JSON>
      </Entry>
    </Data>
  </Result>
  <Result>
    <Identifier>pts/schbench-1.0.0</Identifier>
    <Title>Schbench</Title>
    <AppVersion></AppVersion>
    <Arguments>-m 4 -t 24</Arguments>
    <Description>Message Threads: 4 - Workers Per Message Thread: 24</Description>
    <Scale>usec, 99.9th Latency Percentile</Scale>
    <Proportion>LIB</Proportion>
    <DisplayFormat>BAR_GRAPH</DisplayFormat>
    <Data>
      <Entry>
        <Identifier>2018-12-01 22:10</Identifier>
        <Value>154539</Value>
        <RawString>158464:150784:154368</RawString>
        <JSON>{"compiler-options":{"compiler-type":"CC","compiler":"gcc","compiler-options":"-O2 -lpthread"}}</JSON>
      </Entry>
    </Data>
  </Result>
  <Result>
    <Identifier>pts/schbench-1.0.0</Identifier>
    <Title>Schbench</Title>
    <AppVersion></AppVersion>
    <Arguments>-m 4 -t 32</Arguments>
    <Description>Message Threads: 4 - Workers Per Message Thread: 32</Description>
    <Scale>usec, 99.9th Latency Percentile</Scale>
    <Proportion>LIB</Proportion>
    <DisplayFormat>BAR_GRAPH</DisplayFormat>
    <Data>
      <Entry>
        <Identifier>2018-12-01 22:10</Identifier>
        <Value>172459</Value>
        <RawString>177408:169728:170240</RawString>
        <JSON>{"compiler-options":{"compiler-type":"CC","compiler":"gcc","compiler-options":"-O2 -lpthread"}}</JSON>
      </Entry>
    </Data>
  </Result>
  <Result>
    <Identifier>pts/schbench-1.0.0</Identifier>
    <Title>Schbench</Title>
    <AppVersion></AppVersion>
    <Arguments>-m 6 -t 16</Arguments>
    <Description>Message Threads: 6 - Workers Per Message Thread: 16</Description>
    <Scale>usec, 99.9th Latency Percentile</Scale>
    <Proportion>LIB</Proportion>
    <DisplayFormat>BAR_GRAPH</DisplayFormat>
    <Data>
      <Entry>
        <Identifier>2018-12-01 22:10</Identifier>
        <Value>156245</Value>
        <RawString>148224:163072:157440</RawString>
        <JSON>{"compiler-options":{"compiler-type":"CC","compiler":"gcc","compiler-options":"-O2 -lpthread"}}</JSON>
      </Entry>
    </Data>
  </Result>
  <Result>
    <Identifier>pts/schbench-1.0.0</Identifier>
    <Title>Schbench</Title>
    <AppVersion></AppVersion>
    <Arguments>-m 6 -t 24</Arguments>
    <Description>Message Threads: 6 - Workers Per Message Thread: 24</Description>
    <Scale>usec, 99.9th Latency Percentile</Scale>
    <Proportion>LIB</Proportion>
    <DisplayFormat>BAR_GRAPH</DisplayFormat>
    <Data>
      <Entry>
        <Identifier>2018-12-01 22:10</Identifier>
        <Value>180480</Value>
        <RawString>172800:188672:179968</RawString>
        <JSON>{"compiler-options":{"compiler-type":"CC","compiler":"gcc","compiler-options":"-O2 -lpthread"}}</JSON>
      </Entry>
    </Data>
  </Result>
  <Result>
    <Identifier>pts/schbench-1.0.0</Identifier>
    <Title>Schbench</Title>
    <AppVersion></AppVersion>
    <Arguments>-m 6 -t 32</Arguments>
    <Description>Message Threads: 6 - Workers Per Message Thread: 32</Description>
    <Scale>usec, 99.9th Latency Percentile</Scale>
    <Proportion>LIB</Proportion>
    <DisplayFormat>BAR_GRAPH</DisplayFormat>
    <Data>
      <Entry>
        <Identifier>2018-12-01 22:10</Identifier>
        <Value>231339</Value>
        <RawString>226560:232192:235264</RawString>
        <JSON>{"compiler-options":{"compiler-type":"CC","compiler":"gcc","compiler-options":"-O2 -lpthread"}}</JSON>
      </Entry>
    </Data>
  </Result>
  <Result>
    <Identifier>pts/schbench-1.0.0</Identifier>
    <Title>Schbench</Title>
    <AppVersion></AppVersion>
    <Arguments>-m 8 -t 16</Arguments>
    <Description>Message Threads: 8 - Workers Per Message Thread: 16</Description>
    <Scale>usec, 99.9th Latency Percentile</Scale>
    <Proportion>LIB</Proportion>
    <DisplayFormat>BAR_GRAPH</DisplayFormat>
    <Data>
      <Entry>
        <Identifier>2018-12-01 22:10</Identifier>
        <Value>170411</Value>
        <RawString>155904:169728:185600</RawString>
        <JSON>{"compiler-options":{"compiler-type":"CC","compiler":"gcc","compiler-options":"-O2 -lpthread"}}</JSON>
      </Entry>
    </Data>
  </Result>
  <Result>
    <Identifier>pts/schbench-1.0.0</Identifier>
    <Title>Schbench</Title>
    <AppVersion></AppVersion>
    <Arguments>-m 8 -t 24</Arguments>
    <Description>Message Threads: 8 - Workers Per Message Thread: 24</Description>
    <Scale>usec, 99.9th Latency Percentile</Scale>
    <Proportion>LIB</Proportion>
    <DisplayFormat>BAR_GRAPH</DisplayFormat>
    <Data>
      <Entry>
        <Identifier>2018-12-01 22:10</Identifier>
        <Value>240725</Value>
        <RawString>254208:247040:220928</RawString>
        <JSON>{"compiler-options":{"compiler-type":"CC","compiler":"gcc","compiler-options":"-O2 -lpthread"}}</JSON>
      </Entry>
    </Data>
  </Result>
  <Result>
    <Identifier>pts/schbench-1.0.0</Identifier>
    <Title>Schbench</Title>
    <AppVersion></AppVersion>
    <Arguments>-m 8 -t 32</Arguments>
    <Description>Message Threads: 8 - Workers Per Message Thread: 32</Description>
    <Scale>usec, 99.9th Latency Percentile</Scale>
    <Proportion>LIB</Proportion>
    <DisplayFormat>BAR_GRAPH</DisplayFormat>
    <Data>
      <Entry>
        <Identifier>2018-12-01 22:10</Identifier>
        <Value>340821</Value>
        <RawString>348672:347648:326144</RawString>
        <JSON>{"compiler-options":{"compiler-type":"CC","compiler":"gcc","compiler-options":"-O2 -lpthread"}}</JSON>
      </Entry>
    </Data>
  </Result>
  <Result>
    <Identifier>pts/schbench-1.0.0</Identifier>
    <Title>Schbench</Title>
    <AppVersion></AppVersion>
    <Arguments>-m 16 -t 16</Arguments>
    <Description>Message Threads: 16 - Workers Per Message Thread: 16</Description>
    <Scale>usec, 99.9th Latency Percentile</Scale>
    <Proportion>LIB</Proportion>
    <DisplayFormat>BAR_GRAPH</DisplayFormat>
    <Data>
      <Entry>
        <Identifier>2018-12-01 22:10</Identifier>
        <Value>340480</Value>
        <RawString>344576:347648:329216</RawString>
        <JSON>{"compiler-options":{"compiler-type":"CC","compiler":"gcc","compiler-options":"-O2 -lpthread"}}</JSON>
      </Entry>
    </Data>
  </Result>
  <Result>
    <Identifier>pts/schbench-1.0.0</Identifier>
    <Title>Schbench</Title>
    <AppVersion></AppVersion>
    <Arguments>-m 16 -t 24</Arguments>
    <Description>Message Threads: 16 - Workers Per Message Thread: 24</Description>
    <Scale>usec, 99.9th Latency Percentile</Scale>
    <Proportion>LIB</Proportion>
    <DisplayFormat>BAR_GRAPH</DisplayFormat>
    <Data>
      <Entry>
        <Identifier>2018-12-01 22:10</Identifier>
        <Value>528043</Value>
        <RawString>541696:520704:521728</RawString>
        <JSON>{"compiler-options":{"compiler-type":"CC","compiler":"gcc","compiler-options":"-O2 -lpthread"}}</JSON>
      </Entry>
    </Data>
  </Result>
  <Result>
    <Identifier>pts/schbench-1.0.0</Identifier>
    <Title>Schbench</Title>
    <AppVersion></AppVersion>
    <Arguments>-m 16 -t 32</Arguments>
    <Description>Message Threads: 16 - Workers Per Message Thread: 32</Description>
    <Scale>usec, 99.9th Latency Percentile</Scale>
    <Proportion>LIB</Proportion>
    <DisplayFormat>BAR_GRAPH</DisplayFormat>
    <Data>
      <Entry>
        <Identifier>2018-12-01 22:10</Identifier>
        <Value>692565</Value>
        <RawString>668672:719872:689152</RawString>
        <JSON>{"compiler-options":{"compiler-type":"CC","compiler":"gcc","compiler-options":"-O2 -lpthread"}}</JSON>
      </Entry>
    </Data>
  </Result>
  <Result>
    <Identifier>pts/schbench-1.0.0</Identifier>
    <Title>Schbench</Title>
    <AppVersion></AppVersion>
    <Arguments>-m 32 -t 16</Arguments>
    <Description>Message Threads: 32 - Workers Per Message Thread: 16</Description>
    <Scale>usec, 99.9th Latency Percentile</Scale>
    <Proportion>LIB</Proportion>
    <DisplayFormat>BAR_GRAPH</DisplayFormat>
    <Data>
      <Entry>
        <Identifier>2018-12-01 22:10</Identifier>
        <Value>664576</Value>
        <RawString>656384:662528:674816</RawString>
        <JSON>{"compiler-options":{"compiler-type":"CC","compiler":"gcc","compiler-options":"-O2 -lpthread"}}</JSON>
      </Entry>
    </Data>
  </Result>
  <Result>
    <Identifier>pts/schbench-1.0.0</Identifier>
    <Title>Schbench</Title>
    <AppVersion></AppVersion>
    <Arguments>-m 32 -t 24</Arguments>
    <Description>Message Threads: 32 - Workers Per Message Thread: 24</Description>
    <Scale>usec, 99.9th Latency Percentile</Scale>
    <Proportion>LIB</Proportion>
    <DisplayFormat>BAR_GRAPH</DisplayFormat>
    <Data>
      <Entry>
        <Identifier>2018-12-01 22:10</Identifier>
        <Value>1040384</Value>
        <RawString>1047552:1062912:1010688</RawString>
        <JSON>{"compiler-options":{"compiler-type":"CC","compiler":"gcc","compiler-options":"-O2 -lpthread"}}</JSON>
      </Entry>
    </Data>
  </Result>
  <Result>
    <Identifier>pts/schbench-1.0.0</Identifier>
    <Title>Schbench</Title>
    <AppVersion></AppVersion>
    <Arguments>-m 32 -t 32</Arguments>
    <Description>Message Threads: 32 - Workers Per Message Thread: 32</Description>
    <Scale>usec, 99.9th Latency Percentile</Scale>
    <Proportion>LIB</Proportion>
    <DisplayFormat>BAR_GRAPH</DisplayFormat>
    <Data>
      <Entry>
        <Identifier>2018-12-01 22:10</Identifier>
        <Value>1264981</Value>
        <RawString>1259520:1292288:1243136</RawString>
        <JSON>{"compiler-options":{"compiler-type":"CC","compiler":"gcc","compiler-options":"-O2 -lpthread"}}</JSON>
      </Entry>
    </Data>
  </Result>
</PhoronixTestSuite>
