<?xml version="1.0"?>
<!--Phoronix Test Suite v5.2.1 (Khanino)-->
<?xml-stylesheet type="text/xsl" href="pts-results-viewer.xsl"?>
<PhoronixTestSuite>
  <Generated>
    <Title>2018-12-01-2216</Title>
    <LastModified>2018-12-01 22:16:08</LastModified>
    <TestClient>Phoronix Test Suite v5.2.1 (Khanino)</TestClient>
    <Description>QEMU testing on Ubuntu 16.04 via the Phoronix Test Suite.</Description>
    <PreSetEnvironmentVariables></PreSetEnvironmentVariables>
  </Generated>
  <System>
    <Identifier>2018-12-01 22:16</Identifier>
    <Hardware>Processor: 8 x QEMU Virtual 2.5+ @ 2.20GHz (8 Cores), Motherboard: QEMU Standard PC (i440FX + PIIX 1996), Chipset: Intel 440FX- 82441FX PMC, Memory: 16384 MB + 12227 MB RAM, Disk: 49GB, Network: Red Hat Virtio device</Hardware>
    <Software>OS: Ubuntu 16.04, Kernel: 4.4.0-139-generic (x86_64), Compiler: GCC 5.4.0 20160609, File-System: ext4, System Layer: QEMU</Software>
    <User>root</User>
    <TimeStamp>2018-12-01 22:16:08</TimeStamp>
    <TestClientVersion>5.2.1</TestClientVersion>
    <Notes></Notes>
    <JSON>{"compiler-configuration":"--build=x86_64-linux-gnu --disable-browser-plugin --disable-vtable-verify --disable-werror --enable-checking=release --enable-clocale=gnu --enable-gnu-unique-object --enable-gtk-cairo --enable-java-awt=gtk --enable-java-home --enable-languages=c,ada,c++,java,go,d,fortran,objc,obj-c++ --enable-libmpx --enable-libstdcxx-debug --enable-libstdcxx-time=yes --enable-multiarch --enable-multilib --enable-nls --enable-objc-gc --enable-plugin --enable-shared --enable-threads=posix --host=x86_64-linux-gnu --target=x86_64-linux-gnu --with-abi=m64 --with-arch-32=i686 --with-arch-directory=amd64 --with-default-libstdcxx-abi=new --with-multilib-list=m32,m64,mx32 --with-tune=generic -v"}</JSON>
  </System>
  <Result>
    <Identifier>pts/schbench-1.0.0</Identifier>
    <Title>Schbench</Title>
    <AppVersion></AppVersion>
    <Arguments>-m 2 -t 2</Arguments>
    <Description>Message Threads: 2 - Workers Per Message Thread: 2</Description>
    <Scale>usec, 99.9th Latency Percentile</Scale>
    <Proportion>LIB</Proportion>
    <DisplayFormat>BAR_GRAPH</DisplayFormat>
    <Data>
      <Entry>
        <Identifier>2018-12-01 22:16</Identifier>
        <Value>584</Value>
        <RawString>595:563:593</RawString>
        <JSON>{"compiler-options":{"compiler-type":"CC","compiler":"gcc","compiler-options":"-O2 -lpthread"}}</JSON>
      </Entry>
    </Data>
  </Result>
  <Result>
    <Identifier>pts/schbench-1.0.0</Identifier>
    <Title>Schbench</Title>
    <AppVersion></AppVersion>
    <Arguments>-m 2 -t 4</Arguments>
    <Description>Message Threads: 2 - Workers Per Message Thread: 4</Description>
    <Scale>usec, 99.9th Latency Percentile</Scale>
    <Proportion>LIB</Proportion>
    <DisplayFormat>BAR_GRAPH</DisplayFormat>
    <Data>
      <Entry>
        <Identifier>2018-12-01 22:16</Identifier>
        <Value>15643</Value>
        <RawString>15888:16368:14672</RawString>
        <JSON>{"compiler-options":{"compiler-type":"CC","compiler":"gcc","compiler-options":"-O2 -lpthread"}}</JSON>
      </Entry>
    </Data>
  </Result>
  <Result>
    <Identifier>pts/schbench-1.0.0</Identifier>
    <Title>Schbench</Title>
    <AppVersion></AppVersion>
    <Arguments>-m 2 -t 6</Arguments>
    <Description>Message Threads: 2 - Workers Per Message Thread: 6</Description>
    <Scale>usec, 99.9th Latency Percentile</Scale>
    <Proportion>LIB</Proportion>
    <DisplayFormat>BAR_GRAPH</DisplayFormat>
    <Data>
      <Entry>
        <Identifier>2018-12-01 22:16</Identifier>
        <Value>33152</Value>
        <RawString>30432:30304:38720</RawString>
        <JSON>{"compiler-options":{"compiler-type":"CC","compiler":"gcc","compiler-options":"-O2 -lpthread"}}</JSON>
      </Entry>
    </Data>
  </Result>
  <Result>
    <Identifier>pts/schbench-1.0.0</Identifier>
    <Title>Schbench</Title>
    <AppVersion></AppVersion>
    <Arguments>-m 2 -t 8</Arguments>
    <Description>Message Threads: 2 - Workers Per Message Thread: 8</Description>
    <Scale>usec, 99.9th Latency Percentile</Scale>
    <Proportion>LIB</Proportion>
    <DisplayFormat>BAR_GRAPH</DisplayFormat>
    <Data>
      <Entry>
        <Identifier>2018-12-01 22:16</Identifier>
        <Value>30880</Value>
        <RawString>30304:30496:31840</RawString>
        <JSON>{"compiler-options":{"compiler-type":"CC","compiler":"gcc","compiler-options":"-O2 -lpthread"}}</JSON>
      </Entry>
    </Data>
  </Result>
  <Result>
    <Identifier>pts/schbench-1.0.0</Identifier>
    <Title>Schbench</Title>
    <AppVersion></AppVersion>
    <Arguments>-m 4 -t 2</Arguments>
    <Description>Message Threads: 4 - Workers Per Message Thread: 2</Description>
    <Scale>usec, 99.9th Latency Percentile</Scale>
    <Proportion>LIB</Proportion>
    <DisplayFormat>BAR_GRAPH</DisplayFormat>
    <Data>
      <Entry>
        <Identifier>2018-12-01 22:16</Identifier>
        <Value>13989</Value>
        <RawString>14896:14320:12752</RawString>
        <JSON>{"compiler-options":{"compiler-type":"CC","compiler":"gcc","compiler-options":"-O2 -lpthread"}}</JSON>
      </Entry>
    </Data>
  </Result>
  <Result>
    <Identifier>pts/schbench-1.0.0</Identifier>
    <Title>Schbench</Title>
    <AppVersion></AppVersion>
    <Arguments>-m 4 -t 4</Arguments>
    <Description>Message Threads: 4 - Workers Per Message Thread: 4</Description>
    <Scale>usec, 99.9th Latency Percentile</Scale>
    <Proportion>LIB</Proportion>
    <DisplayFormat>BAR_GRAPH</DisplayFormat>
    <Data>
      <Entry>
        <Identifier>2018-12-01 22:16</Identifier>
        <Value>34123</Value>
        <RawString>34496:35136:32736</RawString>
        <JSON>{"compiler-options":{"compiler-type":"CC","compiler":"gcc","compiler-options":"-O2 -lpthread"}}</JSON>
      </Entry>
    </Data>
  </Result>
  <Result>
    <Identifier>pts/schbench-1.0.0</Identifier>
    <Title>Schbench</Title>
    <AppVersion></AppVersion>
    <Arguments>-m 4 -t 6</Arguments>
    <Description>Message Threads: 4 - Workers Per Message Thread: 6</Description>
    <Scale>usec, 99.9th Latency Percentile</Scale>
    <Proportion>LIB</Proportion>
    <DisplayFormat>BAR_GRAPH</DisplayFormat>
    <Data>
      <Entry>
        <Identifier>2018-12-01 22:16</Identifier>
        <Value>45973</Value>
        <RawString>48704:43840:45376</RawString>
        <JSON>{"compiler-options":{"compiler-type":"CC","compiler":"gcc","compiler-options":"-O2 -lpthread"}}</JSON>
      </Entry>
    </Data>
  </Result>
  <Result>
    <Identifier>pts/schbench-1.0.0</Identifier>
    <Title>Schbench</Title>
    <AppVersion></AppVersion>
    <Arguments>-m 4 -t 8</Arguments>
    <Description>Message Threads: 4 - Workers Per Message Thread: 8</Description>
    <Scale>usec, 99.9th Latency Percentile</Scale>
    <Proportion>LIB</Proportion>
    <DisplayFormat>BAR_GRAPH</DisplayFormat>
    <Data>
      <Entry>
        <Identifier>2018-12-01 22:16</Identifier>
        <Value>56469</Value>
        <RawString>57280:56512:55616</RawString>
        <JSON>{"compiler-options":{"compiler-type":"CC","compiler":"gcc","compiler-options":"-O2 -lpthread"}}</JSON>
      </Entry>
    </Data>
  </Result>
  <Result>
    <Identifier>pts/schbench-1.0.0</Identifier>
    <Title>Schbench</Title>
    <AppVersion></AppVersion>
    <Arguments>-m 6 -t 2</Arguments>
    <Description>Message Threads: 6 - Workers Per Message Thread: 2</Description>
    <Scale>usec, 99.9th Latency Percentile</Scale>
    <Proportion>LIB</Proportion>
    <DisplayFormat>BAR_GRAPH</DisplayFormat>
    <Data>
      <Entry>
        <Identifier>2018-12-01 22:16</Identifier>
        <Value>29067</Value>
        <RawString>30944:30112:26144</RawString>
        <JSON>{"compiler-options":{"compiler-type":"CC","compiler":"gcc","compiler-options":"-O2 -lpthread"}}</JSON>
      </Entry>
    </Data>
  </Result>
  <Result>
    <Identifier>pts/schbench-1.0.0</Identifier>
    <Title>Schbench</Title>
    <AppVersion></AppVersion>
    <Arguments>-m 6 -t 4</Arguments>
    <Description>Message Threads: 6 - Workers Per Message Thread: 4</Description>
    <Scale>usec, 99.9th Latency Percentile</Scale>
    <Proportion>LIB</Proportion>
    <DisplayFormat>BAR_GRAPH</DisplayFormat>
    <Data>
      <Entry>
        <Identifier>2018-12-01 22:16</Identifier>
        <Value>42944</Value>
        <RawString>44224:43328:41280</RawString>
        <JSON>{"compiler-options":{"compiler-type":"CC","compiler":"gcc","compiler-options":"-O2 -lpthread"}}</JSON>
      </Entry>
    </Data>
  </Result>
  <Result>
    <Identifier>pts/schbench-1.0.0</Identifier>
    <Title>Schbench</Title>
    <AppVersion></AppVersion>
    <Arguments>-m 6 -t 6</Arguments>
    <Description>Message Threads: 6 - Workers Per Message Thread: 6</Description>
    <Scale>usec, 99.9th Latency Percentile</Scale>
    <Proportion>LIB</Proportion>
    <DisplayFormat>BAR_GRAPH</DisplayFormat>
    <Data>
      <Entry>
        <Identifier>2018-12-01 22:16</Identifier>
        <Value>58219</Value>
        <RawString>55488:60096:59072</RawString>
        <JSON>{"compiler-options":{"compiler-type":"CC","compiler":"gcc","compiler-options":"-O2 -lpthread"}}</JSON>
      </Entry>
    </Data>
  </Result>
  <Result>
    <Identifier>pts/schbench-1.0.0</Identifier>
    <Title>Schbench</Title>
    <AppVersion></AppVersion>
    <Arguments>-m 6 -t 8</Arguments>
    <Description>Message Threads: 6 - Workers Per Message Thread: 8</Description>
    <Scale>usec, 99.9th Latency Percentile</Scale>
    <Proportion>LIB</Proportion>
    <DisplayFormat>BAR_GRAPH</DisplayFormat>
    <Data>
      <Entry>
        <Identifier>2018-12-01 22:16</Identifier>
        <Value>88533</Value>
        <RawString>89216:85632:90752</RawString>
        <JSON>{"compiler-options":{"compiler-type":"CC","compiler":"gcc","compiler-options":"-O2 -lpthread"}}</JSON>
      </Entry>
    </Data>
  </Result>
  <Result>
    <Identifier>pts/schbench-1.0.0</Identifier>
    <Title>Schbench</Title>
    <AppVersion></AppVersion>
    <Arguments>-m 8 -t 2</Arguments>
    <Description>Message Threads: 8 - Workers Per Message Thread: 2</Description>
    <Scale>usec, 99.9th Latency Percentile</Scale>
    <Proportion>LIB</Proportion>
    <DisplayFormat>BAR_GRAPH</DisplayFormat>
    <Data>
      <Entry>
        <Identifier>2018-12-01 22:16</Identifier>
        <Value>32512</Value>
        <RawString>33088:32480:31968</RawString>
        <JSON>{"compiler-options":{"compiler-type":"CC","compiler":"gcc","compiler-options":"-O2 -lpthread"}}</JSON>
      </Entry>
    </Data>
  </Result>
  <Result>
    <Identifier>pts/schbench-1.0.0</Identifier>
    <Title>Schbench</Title>
    <AppVersion></AppVersion>
    <Arguments>-m 8 -t 4</Arguments>
    <Description>Message Threads: 8 - Workers Per Message Thread: 4</Description>
    <Scale>usec, 99.9th Latency Percentile</Scale>
    <Proportion>LIB</Proportion>
    <DisplayFormat>BAR_GRAPH</DisplayFormat>
    <Data>
      <Entry>
        <Identifier>2018-12-01 22:16</Identifier>
        <Value>52288</Value>
        <RawString>53056:53312:50496</RawString>
        <JSON>{"compiler-options":{"compiler-type":"CC","compiler":"gcc","compiler-options":"-O2 -lpthread"}}</JSON>
      </Entry>
    </Data>
  </Result>
  <Result>
    <Identifier>pts/schbench-1.0.0</Identifier>
    <Title>Schbench</Title>
    <AppVersion></AppVersion>
    <Arguments>-m 8 -t 6</Arguments>
    <Description>Message Threads: 8 - Workers Per Message Thread: 6</Description>
    <Scale>usec, 99.9th Latency Percentile</Scale>
    <Proportion>LIB</Proportion>
    <DisplayFormat>BAR_GRAPH</DisplayFormat>
    <Data>
      <Entry>
        <Identifier>2018-12-01 22:16</Identifier>
        <Value>89216</Value>
        <RawString>86144:92032:89472</RawString>
        <JSON>{"compiler-options":{"compiler-type":"CC","compiler":"gcc","compiler-options":"-O2 -lpthread"}}</JSON>
      </Entry>
    </Data>
  </Result>
  <Result>
    <Identifier>pts/schbench-1.0.0</Identifier>
    <Title>Schbench</Title>
    <AppVersion></AppVersion>
    <Arguments>-m 8 -t 8</Arguments>
    <Description>Message Threads: 8 - Workers Per Message Thread: 8</Description>
    <Scale>usec, 99.9th Latency Percentile</Scale>
    <Proportion>LIB</Proportion>
    <DisplayFormat>BAR_GRAPH</DisplayFormat>
    <Data>
      <Entry>
        <Identifier>2018-12-01 22:16</Identifier>
        <Value>113109</Value>
        <RawString>114048:110976:114304</RawString>
        <JSON>{"compiler-options":{"compiler-type":"CC","compiler":"gcc","compiler-options":"-O2 -lpthread"}}</JSON>
      </Entry>
    </Data>
  </Result>
  <Result>
    <Identifier>pts/schbench-1.0.0</Identifier>
    <Title>Schbench</Title>
    <AppVersion></AppVersion>
    <Arguments>-m 16 -t 2</Arguments>
    <Description>Message Threads: 16 - Workers Per Message Thread: 2</Description>
    <Scale>usec, 99.9th Latency Percentile</Scale>
    <Proportion>LIB</Proportion>
    <DisplayFormat>BAR_GRAPH</DisplayFormat>
    <Data>
      <Entry>
        <Identifier>2018-12-01 22:16</Identifier>
        <Value>49131</Value>
        <RawString>50368:48960:48064</RawString>
        <JSON>{"compiler-options":{"compiler-type":"CC","compiler":"gcc","compiler-options":"-O2 -lpthread"}}</JSON>
      </Entry>
    </Data>
  </Result>
  <Result>
    <Identifier>pts/schbench-1.0.0</Identifier>
    <Title>Schbench</Title>
    <AppVersion></AppVersion>
    <Arguments>-m 16 -t 4</Arguments>
    <Description>Message Threads: 16 - Workers Per Message Thread: 4</Description>
    <Scale>usec, 99.9th Latency Percentile</Scale>
    <Proportion>LIB</Proportion>
    <DisplayFormat>BAR_GRAPH</DisplayFormat>
    <Data>
      <Entry>
        <Identifier>2018-12-01 22:16</Identifier>
        <Value>110037</Value>
        <RawString>112000:109952:108160</RawString>
        <JSON>{"compiler-options":{"compiler-type":"CC","compiler":"gcc","compiler-options":"-O2 -lpthread"}}</JSON>
      </Entry>
    </Data>
  </Result>
  <Result>
    <Identifier>pts/schbench-1.0.0</Identifier>
    <Title>Schbench</Title>
    <AppVersion></AppVersion>
    <Arguments>-m 16 -t 6</Arguments>
    <Description>Message Threads: 16 - Workers Per Message Thread: 6</Description>
    <Scale>usec, 99.9th Latency Percentile</Scale>
    <Proportion>LIB</Proportion>
    <DisplayFormat>BAR_GRAPH</DisplayFormat>
    <Data>
      <Entry>
        <Identifier>2018-12-01 22:16</Identifier>
        <Value>160000</Value>
        <RawString>166144:158464:155392</RawString>
        <JSON>{"compiler-options":{"compiler-type":"CC","compiler":"gcc","compiler-options":"-O2 -lpthread"}}</JSON>
      </Entry>
    </Data>
  </Result>
  <Result>
    <Identifier>pts/schbench-1.0.0</Identifier>
    <Title>Schbench</Title>
    <AppVersion></AppVersion>
    <Arguments>-m 16 -t 8</Arguments>
    <Description>Message Threads: 16 - Workers Per Message Thread: 8</Description>
    <Scale>usec, 99.9th Latency Percentile</Scale>
    <Proportion>LIB</Proportion>
    <DisplayFormat>BAR_GRAPH</DisplayFormat>
    <Data>
      <Entry>
        <Identifier>2018-12-01 22:16</Identifier>
        <Value>171435</Value>
        <RawString>169728:173824:170752</RawString>
        <JSON>{"compiler-options":{"compiler-type":"CC","compiler":"gcc","compiler-options":"-O2 -lpthread"}}</JSON>
      </Entry>
    </Data>
  </Result>
  <Result>
    <Identifier>pts/schbench-1.0.0</Identifier>
    <Title>Schbench</Title>
    <AppVersion></AppVersion>
    <Arguments>-m 2 -t 16</Arguments>
    <Description>Message Threads: 2 - Workers Per Message Thread: 16</Description>
    <Scale>usec, 99.9th Latency Percentile</Scale>
    <Proportion>LIB</Proportion>
    <DisplayFormat>BAR_GRAPH</DisplayFormat>
    <Data>
      <Entry>
        <Identifier>2018-12-01 22:16</Identifier>
        <Value>62357</Value>
        <RawString>60480:63808:62784</RawString>
        <JSON>{"compiler-options":{"compiler-type":"CC","compiler":"gcc","compiler-options":"-O2 -lpthread"}}</JSON>
      </Entry>
    </Data>
  </Result>
  <Result>
    <Identifier>pts/schbench-1.0.0</Identifier>
    <Title>Schbench</Title>
    <AppVersion></AppVersion>
    <Arguments>-m 2 -t 24</Arguments>
    <Description>Message Threads: 2 - Workers Per Message Thread: 24</Description>
    <Scale>usec, 99.9th Latency Percentile</Scale>
    <Proportion>LIB</Proportion>
    <DisplayFormat>BAR_GRAPH</DisplayFormat>
    <Data>
      <Entry>
        <Identifier>2018-12-01 22:16</Identifier>
        <Value>91179</Value>
        <RawString>94592:88448:90496</RawString>
        <JSON>{"compiler-options":{"compiler-type":"CC","compiler":"gcc","compiler-options":"-O2 -lpthread"}}</JSON>
      </Entry>
    </Data>
  </Result>
  <Result>
    <Identifier>pts/schbench-1.0.0</Identifier>
    <Title>Schbench</Title>
    <AppVersion></AppVersion>
    <Arguments>-m 2 -t 32</Arguments>
    <Description>Message Threads: 2 - Workers Per Message Thread: 32</Description>
    <Scale>usec, 99.9th Latency Percentile</Scale>
    <Proportion>LIB</Proportion>
    <DisplayFormat>BAR_GRAPH</DisplayFormat>
    <Data>
      <Entry>
        <Identifier>2018-12-01 22:16</Identifier>
        <Value>121131</Value>
        <RawString>116608:124800:121984</RawString>
        <JSON>{"compiler-options":{"compiler-type":"CC","compiler":"gcc","compiler-options":"-O2 -lpthread"}}</JSON>
      </Entry>
    </Data>
  </Result>
  <Result>
    <Identifier>pts/schbench-1.0.0</Identifier>
    <Title>Schbench</Title>
    <AppVersion></AppVersion>
    <Arguments>-m 32 -t 2</Arguments>
    <Description>Message Threads: 32 - Workers Per Message Thread: 2</Description>
    <Scale>usec, 99.9th Latency Percentile</Scale>
    <Proportion>LIB</Proportion>
    <DisplayFormat>BAR_GRAPH</DisplayFormat>
    <Data>
      <Entry>
        <Identifier>2018-12-01 22:16</Identifier>
        <Value>103467</Value>
        <RawString>105600:106112:98688</RawString>
        <JSON>{"compiler-options":{"compiler-type":"CC","compiler":"gcc","compiler-options":"-O2 -lpthread"}}</JSON>
      </Entry>
    </Data>
  </Result>
  <Result>
    <Identifier>pts/schbench-1.0.0</Identifier>
    <Title>Schbench</Title>
    <AppVersion></AppVersion>
    <Arguments>-m 32 -t 4</Arguments>
    <Description>Message Threads: 32 - Workers Per Message Thread: 4</Description>
    <Scale>usec, 99.9th Latency Percentile</Scale>
    <Proportion>LIB</Proportion>
    <DisplayFormat>BAR_GRAPH</DisplayFormat>
    <Data>
      <Entry>
        <Identifier>2018-12-01 22:16</Identifier>
        <Value>210859</Value>
        <RawString>190720:227584:214272</RawString>
        <JSON>{"compiler-options":{"compiler-type":"CC","compiler":"gcc","compiler-options":"-O2 -lpthread"}}</JSON>
      </Entry>
    </Data>
  </Result>
  <Result>
    <Identifier>pts/schbench-1.0.0</Identifier>
    <Title>Schbench</Title>
    <AppVersion></AppVersion>
    <Arguments>-m 32 -t 6</Arguments>
    <Description>Message Threads: 32 - Workers Per Message Thread: 6</Description>
    <Scale>usec, 99.9th Latency Percentile</Scale>
    <Proportion>LIB</Proportion>
    <DisplayFormat>BAR_GRAPH</DisplayFormat>
    <Data>
      <Entry>
        <Identifier>2018-12-01 22:16</Identifier>
        <Value>260181</Value>
        <RawString>262656:275968:241920</RawString>
        <JSON>{"compiler-options":{"compiler-type":"CC","compiler":"gcc","compiler-options":"-O2 -lpthread"}}</JSON>
      </Entry>
    </Data>
  </Result>
  <Result>
    <Identifier>pts/schbench-1.0.0</Identifier>
    <Title>Schbench</Title>
    <AppVersion></AppVersion>
    <Arguments>-m 32 -t 8</Arguments>
    <Description>Message Threads: 32 - Workers Per Message Thread: 8</Description>
    <Scale>usec, 99.9th Latency Percentile</Scale>
    <Proportion>LIB</Proportion>
    <DisplayFormat>BAR_GRAPH</DisplayFormat>
    <Data>
      <Entry>
        <Identifier>2018-12-01 22:16</Identifier>
        <Value>353109</Value>
        <RawString>355840:356864:346624</RawString>
        <JSON>{"compiler-options":{"compiler-type":"CC","compiler":"gcc","compiler-options":"-O2 -lpthread"}}</JSON>
      </Entry>
    </Data>
  </Result>
  <Result>
    <Identifier>pts/schbench-1.0.0</Identifier>
    <Title>Schbench</Title>
    <AppVersion></AppVersion>
    <Arguments>-m 4 -t 16</Arguments>
    <Description>Message Threads: 4 - Workers Per Message Thread: 16</Description>
    <Scale>usec, 99.9th Latency Percentile</Scale>
    <Proportion>LIB</Proportion>
    <DisplayFormat>BAR_GRAPH</DisplayFormat>
    <Data>
      <Entry>
        <Identifier>2018-12-01 22:16</Identifier>
        <Value>115328</Value>
        <RawString>112512:115584:117888</RawString>
        <JSON>{"compiler-options":{"compiler-type":"CC","compiler":"gcc","compiler-options":"-O2 -lpthread"}}</JSON>
      </Entry>
    </Data>
  </Result>
  <Result>
    <Identifier>pts/schbench-1.0.0</Identifier>
    <Title>Schbench</Title>
    <AppVersion></AppVersion>
    <Arguments>-m 4 -t 24</Arguments>
    <Description>Message Threads: 4 - Workers Per Message Thread: 24</Description>
    <Scale>usec, 99.9th Latency Percentile</Scale>
    <Proportion>LIB</Proportion>
    <DisplayFormat>BAR_GRAPH</DisplayFormat>
    <Data>
      <Entry>
        <Identifier>2018-12-01 22:16</Identifier>
        <Value>155563</Value>
        <RawString>163584:147200:155904</RawString>
        <JSON>{"compiler-options":{"compiler-type":"CC","compiler":"gcc","compiler-options":"-O2 -lpthread"}}</JSON>
      </Entry>
    </Data>
  </Result>
  <Result>
    <Identifier>pts/schbench-1.0.0</Identifier>
    <Title>Schbench</Title>
    <AppVersion></AppVersion>
    <Arguments>-m 4 -t 32</Arguments>
    <Description>Message Threads: 4 - Workers Per Message Thread: 32</Description>
    <Scale>usec, 99.9th Latency Percentile</Scale>
    <Proportion>LIB</Proportion>
    <DisplayFormat>BAR_GRAPH</DisplayFormat>
    <Data>
      <Entry>
        <Identifier>2018-12-01 22:16</Identifier>
        <Value>171093</Value>
        <RawString>173312:169728:170240</RawString>
        <JSON>{"compiler-options":{"compiler-type":"CC","compiler":"gcc","compiler-options":"-O2 -lpthread"}}</JSON>
      </Entry>
    </Data>
  </Result>
  <Result>
    <Identifier>pts/schbench-1.0.0</Identifier>
    <Title>Schbench</Title>
    <AppVersion></AppVersion>
    <Arguments>-m 6 -t 16</Arguments>
    <Description>Message Threads: 6 - Workers Per Message Thread: 16</Description>
    <Scale>usec, 99.9th Latency Percentile</Scale>
    <Proportion>LIB</Proportion>
    <DisplayFormat>BAR_GRAPH</DisplayFormat>
    <Data>
      <Entry>
        <Identifier>2018-12-01 22:16</Identifier>
        <Value>153685</Value>
        <RawString>149760:159488:151808</RawString>
        <JSON>{"compiler-options":{"compiler-type":"CC","compiler":"gcc","compiler-options":"-O2 -lpthread"}}</JSON>
      </Entry>
    </Data>
  </Result>
  <Result>
    <Identifier>pts/schbench-1.0.0</Identifier>
    <Title>Schbench</Title>
    <AppVersion></AppVersion>
    <Arguments>-m 6 -t 24</Arguments>
    <Description>Message Threads: 6 - Workers Per Message Thread: 24</Description>
    <Scale>usec, 99.9th Latency Percentile</Scale>
    <Proportion>LIB</Proportion>
    <DisplayFormat>BAR_GRAPH</DisplayFormat>
    <Data>
      <Entry>
        <Identifier>2018-12-01 22:16</Identifier>
        <Value>181845</Value>
        <RawString>183552:177408:184576</RawString>
        <JSON>{"compiler-options":{"compiler-type":"CC","compiler":"gcc","compiler-options":"-O2 -lpthread"}}</JSON>
      </Entry>
    </Data>
  </Result>
  <Result>
    <Identifier>pts/schbench-1.0.0</Identifier>
    <Title>Schbench</Title>
    <AppVersion></AppVersion>
    <Arguments>-m 6 -t 32</Arguments>
    <Description>Message Threads: 6 - Workers Per Message Thread: 32</Description>
    <Scale>usec, 99.9th Latency Percentile</Scale>
    <Proportion>LIB</Proportion>
    <DisplayFormat>BAR_GRAPH</DisplayFormat>
    <Data>
      <Entry>
        <Identifier>2018-12-01 22:16</Identifier>
        <Value>252416</Value>
        <RawString>265728:250624:240896</RawString>
        <JSON>{"compiler-options":{"compiler-type":"CC","compiler":"gcc","compiler-options":"-O2 -lpthread"}}</JSON>
      </Entry>
    </Data>
  </Result>
  <Result>
    <Identifier>pts/schbench-1.0.0</Identifier>
    <Title>Schbench</Title>
    <AppVersion></AppVersion>
    <Arguments>-m 8 -t 16</Arguments>
    <Description>Message Threads: 8 - Workers Per Message Thread: 16</Description>
    <Scale>usec, 99.9th Latency Percentile</Scale>
    <Proportion>LIB</Proportion>
    <DisplayFormat>BAR_GRAPH</DisplayFormat>
    <Data>
      <Entry>
        <Identifier>2018-12-01 22:16</Identifier>
        <Value>162389</Value>
        <RawString>162560:155904:168704</RawString>
        <JSON>{"compiler-options":{"compiler-type":"CC","compiler":"gcc","compiler-options":"-O2 -lpthread"}}</JSON>
      </Entry>
    </Data>
  </Result>
  <Result>
    <Identifier>pts/schbench-1.0.0</Identifier>
    <Title>Schbench</Title>
    <AppVersion></AppVersion>
    <Arguments>-m 8 -t 24</Arguments>
    <Description>Message Threads: 8 - Workers Per Message Thread: 24</Description>
    <Scale>usec, 99.9th Latency Percentile</Scale>
    <Proportion>LIB</Proportion>
    <DisplayFormat>BAR_GRAPH</DisplayFormat>
    <Data>
      <Entry>
        <Identifier>2018-12-01 22:16</Identifier>
        <Value>257365</Value>
        <RawString>253696:252672:265728</RawString>
        <JSON>{"compiler-options":{"compiler-type":"CC","compiler":"gcc","compiler-options":"-O2 -lpthread"}}</JSON>
      </Entry>
    </Data>
  </Result>
  <Result>
    <Identifier>pts/schbench-1.0.0</Identifier>
    <Title>Schbench</Title>
    <AppVersion></AppVersion>
    <Arguments>-m 8 -t 32</Arguments>
    <Description>Message Threads: 8 - Workers Per Message Thread: 32</Description>
    <Scale>usec, 99.9th Latency Percentile</Scale>
    <Proportion>LIB</Proportion>
    <DisplayFormat>BAR_GRAPH</DisplayFormat>
    <Data>
      <Entry>
        <Identifier>2018-12-01 22:16</Identifier>
        <Value>359253</Value>
        <RawString>354816:340480:382464</RawString>
        <JSON>{"compiler-options":{"compiler-type":"CC","compiler":"gcc","compiler-options":"-O2 -lpthread"}}</JSON>
      </Entry>
    </Data>
  </Result>
  <Result>
    <Identifier>pts/schbench-1.0.0</Identifier>
    <Title>Schbench</Title>
    <AppVersion></AppVersion>
    <Arguments>-m 16 -t 16</Arguments>
    <Description>Message Threads: 16 - Workers Per Message Thread: 16</Description>
    <Scale>usec, 99.9th Latency Percentile</Scale>
    <Proportion>LIB</Proportion>
    <DisplayFormat>BAR_GRAPH</DisplayFormat>
    <Data>
      <Entry>
        <Identifier>2018-12-01 22:16</Identifier>
        <Value>352427</Value>
        <RawString>351744:352768:352768</RawString>
        <JSON>{"compiler-options":{"compiler-type":"CC","compiler":"gcc","compiler-options":"-O2 -lpthread"}}</JSON>
      </Entry>
    </Data>
  </Result>
  <Result>
    <Identifier>pts/schbench-1.0.0</Identifier>
    <Title>Schbench</Title>
    <AppVersion></AppVersion>
    <Arguments>-m 16 -t 24</Arguments>
    <Description>Message Threads: 16 - Workers Per Message Thread: 24</Description>
    <Scale>usec, 99.9th Latency Percentile</Scale>
    <Proportion>LIB</Proportion>
    <DisplayFormat>BAR_GRAPH</DisplayFormat>
    <Data>
      <Entry>
        <Identifier>2018-12-01 22:16</Identifier>
        <Value>528384</Value>
        <RawString>486912:521728:576512</RawString>
        <JSON>{"compiler-options":{"compiler-type":"CC","compiler":"gcc","compiler-options":"-O2 -lpthread"}}</JSON>
      </Entry>
    </Data>
  </Result>
  <Result>
    <Identifier>pts/schbench-1.0.0</Identifier>
    <Title>Schbench</Title>
    <AppVersion></AppVersion>
    <Arguments>-m 16 -t 32</Arguments>
    <Description>Message Threads: 16 - Workers Per Message Thread: 32</Description>
    <Scale>usec, 99.9th Latency Percentile</Scale>
    <Proportion>LIB</Proportion>
    <DisplayFormat>BAR_GRAPH</DisplayFormat>
    <Data>
      <Entry>
        <Identifier>2018-12-01 22:16</Identifier>
        <Value>680277</Value>
        <RawString>707584:668672:664576</RawString>
        <JSON>{"compiler-options":{"compiler-type":"CC","compiler":"gcc","compiler-options":"-O2 -lpthread"}}</JSON>
      </Entry>
    </Data>
  </Result>
  <Result>
    <Identifier>pts/schbench-1.0.0</Identifier>
    <Title>Schbench</Title>
    <AppVersion></AppVersion>
    <Arguments>-m 32 -t 16</Arguments>
    <Description>Message Threads: 32 - Workers Per Message Thread: 16</Description>
    <Scale>usec, 99.9th Latency Percentile</Scale>
    <Proportion>LIB</Proportion>
    <DisplayFormat>BAR_GRAPH</DisplayFormat>
    <Data>
      <Entry>
        <Identifier>2018-12-01 22:16</Identifier>
        <Value>663893</Value>
        <RawString>640000:658432:693248</RawString>
        <JSON>{"compiler-options":{"compiler-type":"CC","compiler":"gcc","compiler-options":"-O2 -lpthread"}}</JSON>
      </Entry>
    </Data>
  </Result>
  <Result>
    <Identifier>pts/schbench-1.0.0</Identifier>
    <Title>Schbench</Title>
    <AppVersion></AppVersion>
    <Arguments>-m 32 -t 24</Arguments>
    <Description>Message Threads: 32 - Workers Per Message Thread: 24</Description>
    <Scale>usec, 99.9th Latency Percentile</Scale>
    <Proportion>LIB</Proportion>
    <DisplayFormat>BAR_GRAPH</DisplayFormat>
    <Data>
      <Entry>
        <Identifier>2018-12-01 22:16</Identifier>
        <Value>998400</Value>
        <RawString>992256:1012736:990208</RawString>
        <JSON>{"compiler-options":{"compiler-type":"CC","compiler":"gcc","compiler-options":"-O2 -lpthread"}}</JSON>
      </Entry>
    </Data>
  </Result>
  <Result>
    <Identifier>pts/schbench-1.0.0</Identifier>
    <Title>Schbench</Title>
    <AppVersion></AppVersion>
    <Arguments>-m 32 -t 32</Arguments>
    <Description>Message Threads: 32 - Workers Per Message Thread: 32</Description>
    <Scale>usec, 99.9th Latency Percentile</Scale>
    <Proportion>LIB</Proportion>
    <DisplayFormat>BAR_GRAPH</DisplayFormat>
    <Data>
      <Entry>
        <Identifier>2018-12-01 22:16</Identifier>
        <Value>1296384</Value>
        <RawString>1218560:1337344:1333248</RawString>
        <JSON>{"compiler-options":{"compiler-type":"CC","compiler":"gcc","compiler-options":"-O2 -lpthread"}}</JSON>
      </Entry>
    </Data>
  </Result>
</PhoronixTestSuite>
