<?xml version="1.0"?>
<!--Phoronix Test Suite v5.2.1 (Khanino)-->
<?xml-stylesheet type="text/xsl" href="pts-results-viewer.xsl"?>
<PhoronixTestSuite>
  <Generated>
    <Title>2018-12-01-0846</Title>
    <LastModified>2018-12-01 08:46:00</LastModified>
    <TestClient>Phoronix Test Suite v5.2.1 (Khanino)</TestClient>
    <Description>QEMU testing on Ubuntu 16.04 via the Phoronix Test Suite.</Description>
    <PreSetEnvironmentVariables></PreSetEnvironmentVariables>
  </Generated>
  <System>
    <Identifier>QEMU Virtual 2.5</Identifier>
    <Hardware>Processor: 8 x QEMU Virtual 2.5+ @ 2.20GHz (8 Cores), Motherboard: QEMU Standard PC (i440FX + PIIX 1996), Chipset: Intel 440FX- 82441FX PMC, Memory: 16384 MB + 12227 MB RAM, Disk: 49GB, Network: Red Hat Virtio device</Hardware>
    <Software>OS: Ubuntu 16.04, Kernel: 4.4.0-139-generic (x86_64), Compiler: GCC 5.4.0 20160609, File-System: ext4, System Layer: QEMU</Software>
    <User>root</User>
    <TimeStamp>2018-12-01 08:46:00</TimeStamp>
    <TestClientVersion>5.2.1</TestClientVersion>
    <Notes></Notes>
    <JSON>{"compiler-configuration":"--build=x86_64-linux-gnu --disable-browser-plugin --disable-vtable-verify --disable-werror --enable-checking=release --enable-clocale=gnu --enable-gnu-unique-object --enable-gtk-cairo --enable-java-awt=gtk --enable-java-home --enable-languages=c,ada,c++,java,go,d,fortran,objc,obj-c++ --enable-libmpx --enable-libstdcxx-debug --enable-libstdcxx-time=yes --enable-multiarch --enable-multilib --enable-nls --enable-objc-gc --enable-plugin --enable-shared --enable-threads=posix --host=x86_64-linux-gnu --target=x86_64-linux-gnu --with-abi=m64 --with-arch-32=i686 --with-arch-directory=amd64 --with-default-libstdcxx-abi=new --with-multilib-list=m32,m64,mx32 --with-tune=generic -v"}</JSON>
  </System>
  <Result>
    <Identifier>pts/m-queens-1.1.0</Identifier>
    <Title>m-queens</Title>
    <AppVersion>1.2</AppVersion>
    <Arguments></Arguments>
    <Description>Time To Solve</Description>
    <Scale>Seconds</Scale>
    <Proportion>LIB</Proportion>
    <DisplayFormat>BAR_GRAPH</DisplayFormat>
    <Data>
      <Entry>
        <Identifier>QEMU Virtual 2.5</Identifier>
        <Value>297.43</Value>
        <RawString>297.00102996826:298.36059617996:296.92194604874</RawString>
        <JSON>{"compiler-options":{"compiler-type":"CXX","compiler":"g++","compiler-options":"-fopenmp -O2 -march=native"}}</JSON>
      </Entry>
    </Data>
  </Result>
</PhoronixTestSuite>
