<?xml version="1.0"?>
<!--Phoronix Test Suite v5.2.1 (Khanino)-->
<?xml-stylesheet type="text/xsl" href="pts-results-viewer.xsl"?>
<PhoronixTestSuite>
  <Generated>
    <Title>2018-12-01-2159</Title>
    <LastModified>2018-12-01 21:59:28</LastModified>
    <TestClient>Phoronix Test Suite v5.2.1 (Khanino)</TestClient>
    <Description>QEMU testing on Ubuntu 16.04 via the Phoronix Test Suite.</Description>
    <PreSetEnvironmentVariables></PreSetEnvironmentVariables>
  </Generated>
  <System>
    <Identifier>2018-12-01 21:59</Identifier>
    <Hardware>Processor: 8 x QEMU Virtual 2.5+ @ 2.20GHz (8 Cores), Motherboard: QEMU Standard PC (i440FX + PIIX 1996), Chipset: Intel 440FX- 82441FX PMC, Memory: 16384 MB + 12227 MB RAM, Disk: 49GB, Network: Red Hat Virtio device</Hardware>
    <Software>OS: Ubuntu 16.04, Kernel: 4.4.0-139-generic (x86_64), Compiler: GCC 5.4.0 20160609, File-System: ext4, System Layer: QEMU</Software>
    <User>root</User>
    <TimeStamp>2018-12-01 21:59:28</TimeStamp>
    <TestClientVersion>5.2.1</TestClientVersion>
    <Notes></Notes>
    <JSON>{"compiler-configuration":"--build=x86_64-linux-gnu --disable-browser-plugin --disable-vtable-verify --disable-werror --enable-checking=release --enable-clocale=gnu --enable-gnu-unique-object --enable-gtk-cairo --enable-java-awt=gtk --enable-java-home --enable-languages=c,ada,c++,java,go,d,fortran,objc,obj-c++ --enable-libmpx --enable-libstdcxx-debug --enable-libstdcxx-time=yes --enable-multiarch --enable-multilib --enable-nls --enable-objc-gc --enable-plugin --enable-shared --enable-threads=posix --host=x86_64-linux-gnu --target=x86_64-linux-gnu --with-abi=m64 --with-arch-32=i686 --with-arch-directory=amd64 --with-default-libstdcxx-abi=new --with-multilib-list=m32,m64,mx32 --with-tune=generic -v"}</JSON>
  </System>
  <Result>
    <Identifier>pts/osbench-1.0.1</Identifier>
    <Title>OSBench</Title>
    <AppVersion></AppVersion>
    <Arguments>create_files.exe target</Arguments>
    <Description>Test: Create Files</Description>
    <Scale>us Per Event</Scale>
    <Proportion>LIB</Proportion>
    <DisplayFormat>BAR_GRAPH</DisplayFormat>
    <Data>
      <Entry>
        <Identifier>2018-12-01 21:59</Identifier>
        <Value>29.71</Value>
        <RawString>28.942183:30.549852:29.647725</RawString>
        <JSON>{"compiler-options":{"compiler-type":"CC","compiler":"gcc","compiler-options":""}}</JSON>
      </Entry>
    </Data>
  </Result>
  <Result>
    <Identifier>pts/osbench-1.0.1</Identifier>
    <Title>OSBench</Title>
    <AppVersion></AppVersion>
    <Arguments>create_threads.exe</Arguments>
    <Description>Test: Create Threads</Description>
    <Scale>us Per Event</Scale>
    <Proportion>LIB</Proportion>
    <DisplayFormat>BAR_GRAPH</DisplayFormat>
    <Data>
      <Entry>
        <Identifier>2018-12-01 21:59</Identifier>
        <Value>77.31</Value>
        <RawString>78.008175:74.908733:79.01907</RawString>
        <JSON>{"compiler-options":{"compiler-type":"CC","compiler":"gcc","compiler-options":""}}</JSON>
      </Entry>
    </Data>
  </Result>
  <Result>
    <Identifier>pts/osbench-1.0.1</Identifier>
    <Title>OSBench</Title>
    <AppVersion></AppVersion>
    <Arguments>launch_programs.exe</Arguments>
    <Description>Test: Launch Programs</Description>
    <Scale>us Per Event</Scale>
    <Proportion>LIB</Proportion>
    <DisplayFormat>BAR_GRAPH</DisplayFormat>
    <Data>
      <Entry>
        <Identifier>2018-12-01 21:59</Identifier>
        <Value>108.10</Value>
        <RawString>107.23114:108.511448:108.549595</RawString>
        <JSON>{"compiler-options":{"compiler-type":"CC","compiler":"gcc","compiler-options":""}}</JSON>
      </Entry>
    </Data>
  </Result>
  <Result>
    <Identifier>pts/osbench-1.0.1</Identifier>
    <Title>OSBench</Title>
    <AppVersion></AppVersion>
    <Arguments>create_processes.exe</Arguments>
    <Description>Test: Create Processes</Description>
    <Scale>us Per Event</Scale>
    <Proportion>LIB</Proportion>
    <DisplayFormat>BAR_GRAPH</DisplayFormat>
    <Data>
      <Entry>
        <Identifier>2018-12-01 21:59</Identifier>
        <Value>63.54</Value>
        <RawString>68.368912:59.430599:62.820911</RawString>
        <JSON>{"compiler-options":{"compiler-type":"CC","compiler":"gcc","compiler-options":""}}</JSON>
      </Entry>
    </Data>
  </Result>
  <Result>
    <Identifier>pts/osbench-1.0.1</Identifier>
    <Title>OSBench</Title>
    <AppVersion></AppVersion>
    <Arguments>mem_alloc.exe</Arguments>
    <Description>Test: Memory Allocations</Description>
    <Scale>Ns Per Event</Scale>
    <Proportion>LIB</Proportion>
    <DisplayFormat>BAR_GRAPH</DisplayFormat>
    <Data>
      <Entry>
        <Identifier>2018-12-01 21:59</Identifier>
        <Value>170.47</Value>
        <RawString>168.65015:170.576811:172.19305</RawString>
        <JSON>{"compiler-options":{"compiler-type":"CC","compiler":"gcc","compiler-options":""}}</JSON>
      </Entry>
    </Data>
  </Result>
</PhoronixTestSuite>
