<?xml version="1.0"?>
<!--Phoronix Test Suite v5.2.1 (Khanino)-->
<?xml-stylesheet type="text/xsl" href="pts-results-viewer.xsl"?>
<PhoronixTestSuite>
  <Generated>
    <Title>2018-12-02-0930</Title>
    <LastModified>2018-12-02 09:30:48</LastModified>
    <TestClient>Phoronix Test Suite v5.2.1 (Khanino)</TestClient>
    <Description>QEMU testing on Ubuntu 16.04 via the Phoronix Test Suite.</Description>
    <PreSetEnvironmentVariables></PreSetEnvironmentVariables>
  </Generated>
  <System>
    <Identifier>2018-12-02 09:30</Identifier>
    <Hardware>Processor: 2 x QEMU Virtual 2.5+ @ 2.00GHz (2 Cores), Motherboard: QEMU Standard PC (i440FX + PIIX 1996), Chipset: Intel 440FX- 82441FX PMC, Memory: 1 x 6676 MB RAM QEMU, Disk: 49GB, Network: Red Hat Virtio device</Hardware>
    <Software>OS: Ubuntu 16.04, Kernel: 4.4.0-139-generic (x86_64), Compiler: GCC 5.4.0 20160609, File-System: ext4, System Layer: QEMU</Software>
    <User>root</User>
    <TimeStamp>2018-12-02 09:30:48</TimeStamp>
    <TestClientVersion>5.2.1</TestClientVersion>
    <Notes></Notes>
    <JSON>{"compiler-configuration":"--build=x86_64-linux-gnu --disable-browser-plugin --disable-vtable-verify --disable-werror --enable-checking=release --enable-clocale=gnu --enable-gnu-unique-object --enable-gtk-cairo --enable-java-awt=gtk --enable-java-home --enable-languages=c,ada,c++,java,go,d,fortran,objc,obj-c++ --enable-libmpx --enable-libstdcxx-debug --enable-libstdcxx-time=yes --enable-multiarch --enable-multilib --enable-nls --enable-objc-gc --enable-plugin --enable-shared --enable-threads=posix --host=x86_64-linux-gnu --target=x86_64-linux-gnu --with-abi=m64 --with-arch-32=i686 --with-arch-directory=amd64 --with-default-libstdcxx-abi=new --with-multilib-list=m32,m64,mx32 --with-tune=generic -v"}</JSON>
  </System>
  <Result>
    <Identifier>pts/schbench-1.0.0</Identifier>
    <Title>Schbench</Title>
    <AppVersion></AppVersion>
    <Arguments>-m 2 -t 2</Arguments>
    <Description>Message Threads: 2 - Workers Per Message Thread: 2</Description>
    <Scale>usec, 99.9th Latency Percentile</Scale>
    <Proportion>LIB</Proportion>
    <DisplayFormat>BAR_GRAPH</DisplayFormat>
    <Data>
      <Entry>
        <Identifier>2018-12-02 09:30</Identifier>
        <Value>24608</Value>
        <RawString>26848:25376:21600</RawString>
        <JSON>{"compiler-options":{"compiler-type":"CC","compiler":"gcc","compiler-options":"-O2 -lpthread"}}</JSON>
      </Entry>
    </Data>
  </Result>
  <Result>
    <Identifier>pts/schbench-1.0.0</Identifier>
    <Title>Schbench</Title>
    <AppVersion></AppVersion>
    <Arguments>-m 2 -t 4</Arguments>
    <Description>Message Threads: 2 - Workers Per Message Thread: 4</Description>
    <Scale>usec, 99.9th Latency Percentile</Scale>
    <Proportion>LIB</Proportion>
    <DisplayFormat>BAR_GRAPH</DisplayFormat>
    <Data>
      <Entry>
        <Identifier>2018-12-02 09:30</Identifier>
        <Value>34197</Value>
        <RawString>35008:33856:33728</RawString>
        <JSON>{"compiler-options":{"compiler-type":"CC","compiler":"gcc","compiler-options":"-O2 -lpthread"}}</JSON>
      </Entry>
    </Data>
  </Result>
  <Result>
    <Identifier>pts/schbench-1.0.0</Identifier>
    <Title>Schbench</Title>
    <AppVersion></AppVersion>
    <Arguments>-m 2 -t 6</Arguments>
    <Description>Message Threads: 2 - Workers Per Message Thread: 6</Description>
    <Scale>usec, 99.9th Latency Percentile</Scale>
    <Proportion>LIB</Proportion>
    <DisplayFormat>BAR_GRAPH</DisplayFormat>
    <Data>
      <Entry>
        <Identifier>2018-12-02 09:30</Identifier>
        <Value>50112</Value>
        <RawString>49600:50368:50368</RawString>
        <JSON>{"compiler-options":{"compiler-type":"CC","compiler":"gcc","compiler-options":"-O2 -lpthread"}}</JSON>
      </Entry>
    </Data>
  </Result>
  <Result>
    <Identifier>pts/schbench-1.0.0</Identifier>
    <Title>Schbench</Title>
    <AppVersion></AppVersion>
    <Arguments>-m 2 -t 8</Arguments>
    <Description>Message Threads: 2 - Workers Per Message Thread: 8</Description>
    <Scale>usec, 99.9th Latency Percentile</Scale>
    <Proportion>LIB</Proportion>
    <DisplayFormat>BAR_GRAPH</DisplayFormat>
    <Data>
      <Entry>
        <Identifier>2018-12-02 09:30</Identifier>
        <Value>75477</Value>
        <RawString>88960:68480:68992</RawString>
        <JSON>{"compiler-options":{"compiler-type":"CC","compiler":"gcc","compiler-options":"-O2 -lpthread"}}</JSON>
      </Entry>
    </Data>
  </Result>
  <Result>
    <Identifier>pts/schbench-1.0.0</Identifier>
    <Title>Schbench</Title>
    <AppVersion></AppVersion>
    <Arguments>-m 4 -t 2</Arguments>
    <Description>Message Threads: 4 - Workers Per Message Thread: 2</Description>
    <Scale>usec, 99.9th Latency Percentile</Scale>
    <Proportion>LIB</Proportion>
    <DisplayFormat>BAR_GRAPH</DisplayFormat>
    <Data>
      <Entry>
        <Identifier>2018-12-02 09:30</Identifier>
        <Value>27253</Value>
        <RawString>25952:26144:29664</RawString>
        <JSON>{"compiler-options":{"compiler-type":"CC","compiler":"gcc","compiler-options":"-O2 -lpthread"}}</JSON>
      </Entry>
    </Data>
  </Result>
  <Result>
    <Identifier>pts/schbench-1.0.0</Identifier>
    <Title>Schbench</Title>
    <AppVersion></AppVersion>
    <Arguments>-m 4 -t 4</Arguments>
    <Description>Message Threads: 4 - Workers Per Message Thread: 4</Description>
    <Scale>usec, 99.9th Latency Percentile</Scale>
    <Proportion>LIB</Proportion>
    <DisplayFormat>BAR_GRAPH</DisplayFormat>
    <Data>
      <Entry>
        <Identifier>2018-12-02 09:30</Identifier>
        <Value>60011</Value>
        <RawString>60224:61760:58048</RawString>
        <JSON>{"compiler-options":{"compiler-type":"CC","compiler":"gcc","compiler-options":"-O2 -lpthread"}}</JSON>
      </Entry>
    </Data>
  </Result>
  <Result>
    <Identifier>pts/schbench-1.0.0</Identifier>
    <Title>Schbench</Title>
    <AppVersion></AppVersion>
    <Arguments>-m 4 -t 6</Arguments>
    <Description>Message Threads: 4 - Workers Per Message Thread: 6</Description>
    <Scale>usec, 99.9th Latency Percentile</Scale>
    <Proportion>LIB</Proportion>
    <DisplayFormat>BAR_GRAPH</DisplayFormat>
    <Data>
      <Entry>
        <Identifier>2018-12-02 09:30</Identifier>
        <Value>109696</Value>
        <RawString>106368:108672:114048</RawString>
        <JSON>{"compiler-options":{"compiler-type":"CC","compiler":"gcc","compiler-options":"-O2 -lpthread"}}</JSON>
      </Entry>
    </Data>
  </Result>
  <Result>
    <Identifier>pts/schbench-1.0.0</Identifier>
    <Title>Schbench</Title>
    <AppVersion></AppVersion>
    <Arguments>-m 4 -t 8</Arguments>
    <Description>Message Threads: 4 - Workers Per Message Thread: 8</Description>
    <Scale>usec, 99.9th Latency Percentile</Scale>
    <Proportion>LIB</Proportion>
    <DisplayFormat>BAR_GRAPH</DisplayFormat>
    <Data>
      <Entry>
        <Identifier>2018-12-02 09:30</Identifier>
        <Value>136107</Value>
        <RawString>135936:133888:138496</RawString>
        <JSON>{"compiler-options":{"compiler-type":"CC","compiler":"gcc","compiler-options":"-O2 -lpthread"}}</JSON>
      </Entry>
    </Data>
  </Result>
  <Result>
    <Identifier>pts/schbench-1.0.0</Identifier>
    <Title>Schbench</Title>
    <AppVersion></AppVersion>
    <Arguments>-m 6 -t 2</Arguments>
    <Description>Message Threads: 6 - Workers Per Message Thread: 2</Description>
    <Scale>usec, 99.9th Latency Percentile</Scale>
    <Proportion>LIB</Proportion>
    <DisplayFormat>BAR_GRAPH</DisplayFormat>
    <Data>
      <Entry>
        <Identifier>2018-12-02 09:30</Identifier>
        <Value>42816</Value>
        <RawString>42944:41536:43968</RawString>
        <JSON>{"compiler-options":{"compiler-type":"CC","compiler":"gcc","compiler-options":"-O2 -lpthread"}}</JSON>
      </Entry>
    </Data>
  </Result>
  <Result>
    <Identifier>pts/schbench-1.0.0</Identifier>
    <Title>Schbench</Title>
    <AppVersion></AppVersion>
    <Arguments>-m 6 -t 4</Arguments>
    <Description>Message Threads: 6 - Workers Per Message Thread: 4</Description>
    <Scale>usec, 99.9th Latency Percentile</Scale>
    <Proportion>LIB</Proportion>
    <DisplayFormat>BAR_GRAPH</DisplayFormat>
    <Data>
      <Entry>
        <Identifier>2018-12-02 09:30</Identifier>
        <Value>107136</Value>
        <RawString>108160:102784:110464</RawString>
        <JSON>{"compiler-options":{"compiler-type":"CC","compiler":"gcc","compiler-options":"-O2 -lpthread"}}</JSON>
      </Entry>
    </Data>
  </Result>
  <Result>
    <Identifier>pts/schbench-1.0.0</Identifier>
    <Title>Schbench</Title>
    <AppVersion></AppVersion>
    <Arguments>-m 6 -t 6</Arguments>
    <Description>Message Threads: 6 - Workers Per Message Thread: 6</Description>
    <Scale>usec, 99.9th Latency Percentile</Scale>
    <Proportion>LIB</Proportion>
    <DisplayFormat>BAR_GRAPH</DisplayFormat>
    <Data>
      <Entry>
        <Identifier>2018-12-02 09:30</Identifier>
        <Value>156075</Value>
        <RawString>160000:158976:149248</RawString>
        <JSON>{"compiler-options":{"compiler-type":"CC","compiler":"gcc","compiler-options":"-O2 -lpthread"}}</JSON>
      </Entry>
    </Data>
  </Result>
  <Result>
    <Identifier>pts/schbench-1.0.0</Identifier>
    <Title>Schbench</Title>
    <AppVersion></AppVersion>
    <Arguments>-m 6 -t 8</Arguments>
    <Description>Message Threads: 6 - Workers Per Message Thread: 8</Description>
    <Scale>usec, 99.9th Latency Percentile</Scale>
    <Proportion>LIB</Proportion>
    <DisplayFormat>BAR_GRAPH</DisplayFormat>
    <Data>
      <Entry>
        <Identifier>2018-12-02 09:30</Identifier>
        <Value>219221</Value>
        <RawString>217344:217344:222976</RawString>
        <JSON>{"compiler-options":{"compiler-type":"CC","compiler":"gcc","compiler-options":"-O2 -lpthread"}}</JSON>
      </Entry>
    </Data>
  </Result>
  <Result>
    <Identifier>pts/schbench-1.0.0</Identifier>
    <Title>Schbench</Title>
    <AppVersion></AppVersion>
    <Arguments>-m 8 -t 2</Arguments>
    <Description>Message Threads: 8 - Workers Per Message Thread: 2</Description>
    <Scale>usec, 99.9th Latency Percentile</Scale>
    <Proportion>LIB</Proportion>
    <DisplayFormat>BAR_GRAPH</DisplayFormat>
    <Data>
      <Entry>
        <Identifier>2018-12-02 09:30</Identifier>
        <Value>52416</Value>
        <RawString>53696:50496:53056</RawString>
        <JSON>{"compiler-options":{"compiler-type":"CC","compiler":"gcc","compiler-options":"-O2 -lpthread"}}</JSON>
      </Entry>
    </Data>
  </Result>
  <Result>
    <Identifier>pts/schbench-1.0.0</Identifier>
    <Title>Schbench</Title>
    <AppVersion></AppVersion>
    <Arguments>-m 8 -t 4</Arguments>
    <Description>Message Threads: 8 - Workers Per Message Thread: 4</Description>
    <Scale>usec, 99.9th Latency Percentile</Scale>
    <Proportion>LIB</Proportion>
    <DisplayFormat>BAR_GRAPH</DisplayFormat>
    <Data>
      <Entry>
        <Identifier>2018-12-02 09:30</Identifier>
        <Value>130859</Value>
        <RawString>128896:131840:131840</RawString>
        <JSON>{"compiler-options":{"compiler-type":"CC","compiler":"gcc","compiler-options":"-O2 -lpthread"}}</JSON>
      </Entry>
    </Data>
  </Result>
  <Result>
    <Identifier>pts/schbench-1.0.0</Identifier>
    <Title>Schbench</Title>
    <AppVersion></AppVersion>
    <Arguments>-m 8 -t 6</Arguments>
    <Description>Message Threads: 8 - Workers Per Message Thread: 6</Description>
    <Scale>usec, 99.9th Latency Percentile</Scale>
    <Proportion>LIB</Proportion>
    <DisplayFormat>BAR_GRAPH</DisplayFormat>
    <Data>
      <Entry>
        <Identifier>2018-12-02 09:30</Identifier>
        <Value>207957</Value>
        <RawString>195328:196352:232192</RawString>
        <JSON>{"compiler-options":{"compiler-type":"CC","compiler":"gcc","compiler-options":"-O2 -lpthread"}}</JSON>
      </Entry>
    </Data>
  </Result>
  <Result>
    <Identifier>pts/schbench-1.0.0</Identifier>
    <Title>Schbench</Title>
    <AppVersion></AppVersion>
    <Arguments>-m 8 -t 8</Arguments>
    <Description>Message Threads: 8 - Workers Per Message Thread: 8</Description>
    <Scale>usec, 99.9th Latency Percentile</Scale>
    <Proportion>LIB</Proportion>
    <DisplayFormat>BAR_GRAPH</DisplayFormat>
    <Data>
      <Entry>
        <Identifier>2018-12-02 09:30</Identifier>
        <Value>287915</Value>
        <RawString>298496:266752:298496</RawString>
        <JSON>{"compiler-options":{"compiler-type":"CC","compiler":"gcc","compiler-options":"-O2 -lpthread"}}</JSON>
      </Entry>
    </Data>
  </Result>
  <Result>
    <Identifier>pts/schbench-1.0.0</Identifier>
    <Title>Schbench</Title>
    <AppVersion></AppVersion>
    <Arguments>-m 16 -t 2</Arguments>
    <Description>Message Threads: 16 - Workers Per Message Thread: 2</Description>
    <Scale>usec, 99.9th Latency Percentile</Scale>
    <Proportion>LIB</Proportion>
    <DisplayFormat>BAR_GRAPH</DisplayFormat>
    <Data>
      <Entry>
        <Identifier>2018-12-02 09:30</Identifier>
        <Value>117632</Value>
        <RawString>121728:118144:113024</RawString>
        <JSON>{"compiler-options":{"compiler-type":"CC","compiler":"gcc","compiler-options":"-O2 -lpthread"}}</JSON>
      </Entry>
    </Data>
  </Result>
  <Result>
    <Identifier>pts/schbench-1.0.0</Identifier>
    <Title>Schbench</Title>
    <AppVersion></AppVersion>
    <Arguments>-m 16 -t 4</Arguments>
    <Description>Message Threads: 16 - Workers Per Message Thread: 4</Description>
    <Scale>usec, 99.9th Latency Percentile</Scale>
    <Proportion>LIB</Proportion>
    <DisplayFormat>BAR_GRAPH</DisplayFormat>
    <Data>
      <Entry>
        <Identifier>2018-12-02 09:30</Identifier>
        <Value>268629</Value>
        <RawString>291328:261888:252672</RawString>
        <JSON>{"compiler-options":{"compiler-type":"CC","compiler":"gcc","compiler-options":"-O2 -lpthread"}}</JSON>
      </Entry>
    </Data>
  </Result>
  <Result>
    <Identifier>pts/schbench-1.0.0</Identifier>
    <Title>Schbench</Title>
    <AppVersion></AppVersion>
    <Arguments>-m 16 -t 6</Arguments>
    <Description>Message Threads: 16 - Workers Per Message Thread: 6</Description>
    <Scale>usec, 99.9th Latency Percentile</Scale>
    <Proportion>LIB</Proportion>
    <DisplayFormat>BAR_GRAPH</DisplayFormat>
    <Data>
      <Entry>
        <Identifier>2018-12-02 09:30</Identifier>
        <Value>394069</Value>
        <RawString>399872:393728:388608</RawString>
        <JSON>{"compiler-options":{"compiler-type":"CC","compiler":"gcc","compiler-options":"-O2 -lpthread"}}</JSON>
      </Entry>
    </Data>
  </Result>
  <Result>
    <Identifier>pts/schbench-1.0.0</Identifier>
    <Title>Schbench</Title>
    <AppVersion></AppVersion>
    <Arguments>-m 16 -t 8</Arguments>
    <Description>Message Threads: 16 - Workers Per Message Thread: 8</Description>
    <Scale>usec, 99.9th Latency Percentile</Scale>
    <Proportion>LIB</Proportion>
    <DisplayFormat>BAR_GRAPH</DisplayFormat>
    <Data>
      <Entry>
        <Identifier>2018-12-02 09:30</Identifier>
        <Value>503637</Value>
        <RawString>486912:500224:523776</RawString>
        <JSON>{"compiler-options":{"compiler-type":"CC","compiler":"gcc","compiler-options":"-O2 -lpthread"}}</JSON>
      </Entry>
    </Data>
  </Result>
  <Result>
    <Identifier>pts/schbench-1.0.0</Identifier>
    <Title>Schbench</Title>
    <AppVersion></AppVersion>
    <Arguments>-m 2 -t 16</Arguments>
    <Description>Message Threads: 2 - Workers Per Message Thread: 16</Description>
    <Scale>usec, 99.9th Latency Percentile</Scale>
    <Proportion>LIB</Proportion>
    <DisplayFormat>BAR_GRAPH</DisplayFormat>
    <Data>
      <Entry>
        <Identifier>2018-12-02 09:30</Identifier>
        <Value>144469</Value>
        <RawString>147712:140544:145152</RawString>
        <JSON>{"compiler-options":{"compiler-type":"CC","compiler":"gcc","compiler-options":"-O2 -lpthread"}}</JSON>
      </Entry>
    </Data>
  </Result>
  <Result>
    <Identifier>pts/schbench-1.0.0</Identifier>
    <Title>Schbench</Title>
    <AppVersion></AppVersion>
    <Arguments>-m 2 -t 24</Arguments>
    <Description>Message Threads: 2 - Workers Per Message Thread: 24</Description>
    <Scale>usec, 99.9th Latency Percentile</Scale>
    <Proportion>LIB</Proportion>
    <DisplayFormat>BAR_GRAPH</DisplayFormat>
    <Data>
      <Entry>
        <Identifier>2018-12-02 09:30</Identifier>
        <Value>228267</Value>
        <RawString>226560:228608:229632</RawString>
        <JSON>{"compiler-options":{"compiler-type":"CC","compiler":"gcc","compiler-options":"-O2 -lpthread"}}</JSON>
      </Entry>
    </Data>
  </Result>
  <Result>
    <Identifier>pts/schbench-1.0.0</Identifier>
    <Title>Schbench</Title>
    <AppVersion></AppVersion>
    <Arguments>-m 2 -t 32</Arguments>
    <Description>Message Threads: 2 - Workers Per Message Thread: 32</Description>
    <Scale>usec, 99.9th Latency Percentile</Scale>
    <Proportion>LIB</Proportion>
    <DisplayFormat>BAR_GRAPH</DisplayFormat>
    <Data>
      <Entry>
        <Identifier>2018-12-02 09:30</Identifier>
        <Value>296789</Value>
        <RawString>281088:311808:297472</RawString>
        <JSON>{"compiler-options":{"compiler-type":"CC","compiler":"gcc","compiler-options":"-O2 -lpthread"}}</JSON>
      </Entry>
    </Data>
  </Result>
  <Result>
    <Identifier>pts/schbench-1.0.0</Identifier>
    <Title>Schbench</Title>
    <AppVersion></AppVersion>
    <Arguments>-m 32 -t 2</Arguments>
    <Description>Message Threads: 32 - Workers Per Message Thread: 2</Description>
    <Scale>usec, 99.9th Latency Percentile</Scale>
    <Proportion>LIB</Proportion>
    <DisplayFormat>BAR_GRAPH</DisplayFormat>
    <Data>
      <Entry>
        <Identifier>2018-12-02 09:30</Identifier>
        <Value>242261</Value>
        <RawString>243968:243968:238848</RawString>
        <JSON>{"compiler-options":{"compiler-type":"CC","compiler":"gcc","compiler-options":"-O2 -lpthread"}}</JSON>
      </Entry>
    </Data>
  </Result>
  <Result>
    <Identifier>pts/schbench-1.0.0</Identifier>
    <Title>Schbench</Title>
    <AppVersion></AppVersion>
    <Arguments>-m 32 -t 4</Arguments>
    <Description>Message Threads: 32 - Workers Per Message Thread: 4</Description>
    <Scale>usec, 99.9th Latency Percentile</Scale>
    <Proportion>LIB</Proportion>
    <DisplayFormat>BAR_GRAPH</DisplayFormat>
    <Data>
      <Entry>
        <Identifier>2018-12-02 09:30</Identifier>
        <Value>484181</Value>
        <RawString>460288:482816:509440</RawString>
        <JSON>{"compiler-options":{"compiler-type":"CC","compiler":"gcc","compiler-options":"-O2 -lpthread"}}</JSON>
      </Entry>
    </Data>
  </Result>
  <Result>
    <Identifier>pts/schbench-1.0.0</Identifier>
    <Title>Schbench</Title>
    <AppVersion></AppVersion>
    <Arguments>-m 32 -t 6</Arguments>
    <Description>Message Threads: 32 - Workers Per Message Thread: 6</Description>
    <Scale>usec, 99.9th Latency Percentile</Scale>
    <Proportion>LIB</Proportion>
    <DisplayFormat>BAR_GRAPH</DisplayFormat>
    <Data>
      <Entry>
        <Identifier>2018-12-02 09:30</Identifier>
        <Value>920235</Value>
        <RawString>1071104:924672:764928</RawString>
        <JSON>{"compiler-options":{"compiler-type":"CC","compiler":"gcc","compiler-options":"-O2 -lpthread"}}</JSON>
      </Entry>
    </Data>
  </Result>
  <Result>
    <Identifier>pts/schbench-1.0.0</Identifier>
    <Title>Schbench</Title>
    <AppVersion></AppVersion>
    <Arguments>-m 32 -t 8</Arguments>
    <Description>Message Threads: 32 - Workers Per Message Thread: 8</Description>
    <Scale>usec, 99.9th Latency Percentile</Scale>
    <Proportion>LIB</Proportion>
    <DisplayFormat>BAR_GRAPH</DisplayFormat>
    <Data>
      <Entry>
        <Identifier>2018-12-02 09:30</Identifier>
        <Value>1130837</Value>
        <RawString>1157120:1025024:1210368</RawString>
        <JSON>{"compiler-options":{"compiler-type":"CC","compiler":"gcc","compiler-options":"-O2 -lpthread"}}</JSON>
      </Entry>
    </Data>
  </Result>
  <Result>
    <Identifier>pts/schbench-1.0.0</Identifier>
    <Title>Schbench</Title>
    <AppVersion></AppVersion>
    <Arguments>-m 4 -t 16</Arguments>
    <Description>Message Threads: 4 - Workers Per Message Thread: 16</Description>
    <Scale>usec, 99.9th Latency Percentile</Scale>
    <Proportion>LIB</Proportion>
    <DisplayFormat>BAR_GRAPH</DisplayFormat>
    <Data>
      <Entry>
        <Identifier>2018-12-02 09:30</Identifier>
        <Value>304640</Value>
        <RawString>308736:315904:289280</RawString>
        <JSON>{"compiler-options":{"compiler-type":"CC","compiler":"gcc","compiler-options":"-O2 -lpthread"}}</JSON>
      </Entry>
    </Data>
  </Result>
  <Result>
    <Identifier>pts/schbench-1.0.0</Identifier>
    <Title>Schbench</Title>
    <AppVersion></AppVersion>
    <Arguments>-m 4 -t 24</Arguments>
    <Description>Message Threads: 4 - Workers Per Message Thread: 24</Description>
    <Scale>usec, 99.9th Latency Percentile</Scale>
    <Proportion>LIB</Proportion>
    <DisplayFormat>BAR_GRAPH</DisplayFormat>
    <Data>
      <Entry>
        <Identifier>2018-12-02 09:30</Identifier>
        <Value>403968</Value>
        <RawString>401920:388608:421376</RawString>
        <JSON>{"compiler-options":{"compiler-type":"CC","compiler":"gcc","compiler-options":"-O2 -lpthread"}}</JSON>
      </Entry>
    </Data>
  </Result>
  <Result>
    <Identifier>pts/schbench-1.0.0</Identifier>
    <Title>Schbench</Title>
    <AppVersion></AppVersion>
    <Arguments>-m 4 -t 32</Arguments>
    <Description>Message Threads: 4 - Workers Per Message Thread: 32</Description>
    <Scale>usec, 99.9th Latency Percentile</Scale>
    <Proportion>LIB</Proportion>
    <DisplayFormat>BAR_GRAPH</DisplayFormat>
    <Data>
      <Entry>
        <Identifier>2018-12-02 09:30</Identifier>
        <Value>494421</Value>
        <RawString>515584:492032:475648</RawString>
        <JSON>{"compiler-options":{"compiler-type":"CC","compiler":"gcc","compiler-options":"-O2 -lpthread"}}</JSON>
      </Entry>
    </Data>
  </Result>
  <Result>
    <Identifier>pts/schbench-1.0.0</Identifier>
    <Title>Schbench</Title>
    <AppVersion></AppVersion>
    <Arguments>-m 6 -t 16</Arguments>
    <Description>Message Threads: 6 - Workers Per Message Thread: 16</Description>
    <Scale>usec, 99.9th Latency Percentile</Scale>
    <Proportion>LIB</Proportion>
    <DisplayFormat>BAR_GRAPH</DisplayFormat>
    <Data>
      <Entry>
        <Identifier>2018-12-02 09:30</Identifier>
        <Value>392704</Value>
        <RawString>397824:384512:395776</RawString>
        <JSON>{"compiler-options":{"compiler-type":"CC","compiler":"gcc","compiler-options":"-O2 -lpthread"}}</JSON>
      </Entry>
    </Data>
  </Result>
  <Result>
    <Identifier>pts/schbench-1.0.0</Identifier>
    <Title>Schbench</Title>
    <AppVersion></AppVersion>
    <Arguments>-m 6 -t 24</Arguments>
    <Description>Message Threads: 6 - Workers Per Message Thread: 24</Description>
    <Scale>usec, 99.9th Latency Percentile</Scale>
    <Proportion>LIB</Proportion>
    <DisplayFormat>BAR_GRAPH</DisplayFormat>
    <Data>
      <Entry>
        <Identifier>2018-12-02 09:30</Identifier>
        <Value>584704</Value>
        <RawString>584704:566272:603136</RawString>
        <JSON>{"compiler-options":{"compiler-type":"CC","compiler":"gcc","compiler-options":"-O2 -lpthread"}}</JSON>
      </Entry>
    </Data>
  </Result>
  <Result>
    <Identifier>pts/schbench-1.0.0</Identifier>
    <Title>Schbench</Title>
    <AppVersion></AppVersion>
    <Arguments>-m 6 -t 32</Arguments>
    <Description>Message Threads: 6 - Workers Per Message Thread: 32</Description>
    <Scale>usec, 99.9th Latency Percentile</Scale>
    <Proportion>LIB</Proportion>
    <DisplayFormat>BAR_GRAPH</DisplayFormat>
    <Data>
      <Entry>
        <Identifier>2018-12-02 09:30</Identifier>
        <Value>750592</Value>
        <RawString>701440:746496:803840</RawString>
        <JSON>{"compiler-options":{"compiler-type":"CC","compiler":"gcc","compiler-options":"-O2 -lpthread"}}</JSON>
      </Entry>
    </Data>
  </Result>
  <Result>
    <Identifier>pts/schbench-1.0.0</Identifier>
    <Title>Schbench</Title>
    <AppVersion></AppVersion>
    <Arguments>-m 8 -t 16</Arguments>
    <Description>Message Threads: 8 - Workers Per Message Thread: 16</Description>
    <Scale>usec, 99.9th Latency Percentile</Scale>
    <Proportion>LIB</Proportion>
    <DisplayFormat>BAR_GRAPH</DisplayFormat>
    <Data>
      <Entry>
        <Identifier>2018-12-02 09:30</Identifier>
        <Value>493056</Value>
        <RawString>476672:480768:521728</RawString>
        <JSON>{"compiler-options":{"compiler-type":"CC","compiler":"gcc","compiler-options":"-O2 -lpthread"}}</JSON>
      </Entry>
    </Data>
  </Result>
  <Result>
    <Identifier>pts/schbench-1.0.0</Identifier>
    <Title>Schbench</Title>
    <AppVersion></AppVersion>
    <Arguments>-m 8 -t 24</Arguments>
    <Description>Message Threads: 8 - Workers Per Message Thread: 24</Description>
    <Scale>usec, 99.9th Latency Percentile</Scale>
    <Proportion>LIB</Proportion>
    <DisplayFormat>BAR_GRAPH</DisplayFormat>
    <Data>
      <Entry>
        <Identifier>2018-12-02 09:30</Identifier>
        <Value>782677</Value>
        <RawString>873472:758784:715776</RawString>
        <JSON>{"compiler-options":{"compiler-type":"CC","compiler":"gcc","compiler-options":"-O2 -lpthread"}}</JSON>
      </Entry>
    </Data>
  </Result>
  <Result>
    <Identifier>pts/schbench-1.0.0</Identifier>
    <Title>Schbench</Title>
    <AppVersion></AppVersion>
    <Arguments>-m 8 -t 32</Arguments>
    <Description>Message Threads: 8 - Workers Per Message Thread: 32</Description>
    <Scale>usec, 99.9th Latency Percentile</Scale>
    <Proportion>LIB</Proportion>
    <DisplayFormat>BAR_GRAPH</DisplayFormat>
    <Data>
      <Entry>
        <Identifier>2018-12-02 09:30</Identifier>
        <Value>1157120</Value>
        <RawString>1067008:1165312:1239040</RawString>
        <JSON>{"compiler-options":{"compiler-type":"CC","compiler":"gcc","compiler-options":"-O2 -lpthread"}}</JSON>
      </Entry>
    </Data>
  </Result>
  <Result>
    <Identifier>pts/schbench-1.0.0</Identifier>
    <Title>Schbench</Title>
    <AppVersion></AppVersion>
    <Arguments>-m 16 -t 16</Arguments>
    <Description>Message Threads: 16 - Workers Per Message Thread: 16</Description>
    <Scale>usec, 99.9th Latency Percentile</Scale>
    <Proportion>LIB</Proportion>
    <DisplayFormat>BAR_GRAPH</DisplayFormat>
    <Data>
      <Entry>
        <Identifier>2018-12-02 09:30</Identifier>
        <Value>1076907</Value>
        <RawString>1099776:1222656:908288</RawString>
        <JSON>{"compiler-options":{"compiler-type":"CC","compiler":"gcc","compiler-options":"-O2 -lpthread"}}</JSON>
      </Entry>
    </Data>
  </Result>
  <Result>
    <Identifier>pts/schbench-1.0.0</Identifier>
    <Title>Schbench</Title>
    <AppVersion></AppVersion>
    <Arguments>-m 16 -t 24</Arguments>
    <Description>Message Threads: 16 - Workers Per Message Thread: 24</Description>
    <Scale>usec, 99.9th Latency Percentile</Scale>
    <Proportion>LIB</Proportion>
    <DisplayFormat>BAR_GRAPH</DisplayFormat>
    <Data>
      <Entry>
        <Identifier>2018-12-02 09:30</Identifier>
        <Value>1730560</Value>
        <RawString>1734656:1546240:1910784</RawString>
        <JSON>{"compiler-options":{"compiler-type":"CC","compiler":"gcc","compiler-options":"-O2 -lpthread"}}</JSON>
      </Entry>
    </Data>
  </Result>
  <Result>
    <Identifier>pts/schbench-1.0.0</Identifier>
    <Title>Schbench</Title>
    <AppVersion></AppVersion>
    <Arguments>-m 16 -t 32</Arguments>
    <Description>Message Threads: 16 - Workers Per Message Thread: 32</Description>
    <Scale>usec, 99.9th Latency Percentile</Scale>
    <Proportion>LIB</Proportion>
    <DisplayFormat>BAR_GRAPH</DisplayFormat>
    <Data>
      <Entry>
        <Identifier>2018-12-02 09:30</Identifier>
        <Value>2480811</Value>
        <RawString>2469888:2535424:2437120</RawString>
        <JSON>{"compiler-options":{"compiler-type":"CC","compiler":"gcc","compiler-options":"-O2 -lpthread"}}</JSON>
      </Entry>
    </Data>
  </Result>
  <Result>
    <Identifier>pts/schbench-1.0.0</Identifier>
    <Title>Schbench</Title>
    <AppVersion></AppVersion>
    <Arguments>-m 32 -t 16</Arguments>
    <Description>Message Threads: 32 - Workers Per Message Thread: 16</Description>
    <Scale>usec, 99.9th Latency Percentile</Scale>
    <Proportion>LIB</Proportion>
    <DisplayFormat>BAR_GRAPH</DisplayFormat>
    <Data>
      <Entry>
        <Identifier>2018-12-02 09:30</Identifier>
        <Value>2235051</Value>
        <RawString>2355200:2174976:2174976</RawString>
        <JSON>{"compiler-options":{"compiler-type":"CC","compiler":"gcc","compiler-options":"-O2 -lpthread"}}</JSON>
      </Entry>
    </Data>
  </Result>
  <Result>
    <Identifier>pts/schbench-1.0.0</Identifier>
    <Title>Schbench</Title>
    <AppVersion></AppVersion>
    <Arguments>-m 32 -t 24</Arguments>
    <Description>Message Threads: 32 - Workers Per Message Thread: 24</Description>
    <Scale>usec, 99.9th Latency Percentile</Scale>
    <Proportion>LIB</Proportion>
    <DisplayFormat>BAR_GRAPH</DisplayFormat>
    <Data>
      <Entry>
        <Identifier>2018-12-02 09:30</Identifier>
        <Value>3201707</Value>
        <RawString>3346432:3674112:2584576</RawString>
        <JSON>{"compiler-options":{"compiler-type":"CC","compiler":"gcc","compiler-options":"-O2 -lpthread"}}</JSON>
      </Entry>
    </Data>
  </Result>
  <Result>
    <Identifier>pts/schbench-1.0.0</Identifier>
    <Title>Schbench</Title>
    <AppVersion></AppVersion>
    <Arguments>-m 32 -t 32</Arguments>
    <Description>Message Threads: 32 - Workers Per Message Thread: 32</Description>
    <Scale>usec, 99.9th Latency Percentile</Scale>
    <Proportion>LIB</Proportion>
    <DisplayFormat>BAR_GRAPH</DisplayFormat>
    <Data>
      <Entry>
        <Identifier>2018-12-02 09:30</Identifier>
        <Value>3425621</Value>
        <RawString>3829760:3289088:3158016</RawString>
        <JSON>{"compiler-options":{"compiler-type":"CC","compiler":"gcc","compiler-options":"-O2 -lpthread"}}</JSON>
      </Entry>
    </Data>
  </Result>
</PhoronixTestSuite>
