<?xml version="1.0"?>
<!--Phoronix Test Suite v5.2.1 (Khanino)-->
<?xml-stylesheet type="text/xsl" href="pts-results-viewer.xsl"?>
<PhoronixTestSuite>
  <Generated>
    <Title>2018-12-02-0859</Title>
    <LastModified>2018-12-02 08:59:23</LastModified>
    <TestClient>Phoronix Test Suite v5.2.1 (Khanino)</TestClient>
    <Description>QEMU testing on Ubuntu 16.04 via the Phoronix Test Suite.</Description>
    <PreSetEnvironmentVariables></PreSetEnvironmentVariables>
  </Generated>
  <System>
    <Identifier>2018-12-02 08:59</Identifier>
    <Hardware>Processor: 2 x QEMU Virtual 2.5+ @ 2.00GHz (2 Cores), Motherboard: QEMU Standard PC (i440FX + PIIX 1996), Chipset: Intel 440FX- 82441FX PMC, Memory: 1 x 6676 MB RAM QEMU, Disk: 49GB, Network: Red Hat Virtio device</Hardware>
    <Software>OS: Ubuntu 16.04, Kernel: 4.4.0-139-generic (x86_64), Compiler: GCC 5.4.0 20160609, File-System: ext4, System Layer: QEMU</Software>
    <User>root</User>
    <TimeStamp>2018-12-02 08:59:23</TimeStamp>
    <TestClientVersion>5.2.1</TestClientVersion>
    <Notes></Notes>
    <JSON>{"compiler-configuration":"--build=x86_64-linux-gnu --disable-browser-plugin --disable-vtable-verify --disable-werror --enable-checking=release --enable-clocale=gnu --enable-gnu-unique-object --enable-gtk-cairo --enable-java-awt=gtk --enable-java-home --enable-languages=c,ada,c++,java,go,d,fortran,objc,obj-c++ --enable-libmpx --enable-libstdcxx-debug --enable-libstdcxx-time=yes --enable-multiarch --enable-multilib --enable-nls --enable-objc-gc --enable-plugin --enable-shared --enable-threads=posix --host=x86_64-linux-gnu --target=x86_64-linux-gnu --with-abi=m64 --with-arch-32=i686 --with-arch-directory=amd64 --with-default-libstdcxx-abi=new --with-multilib-list=m32,m64,mx32 --with-tune=generic -v"}</JSON>
  </System>
  <Result>
    <Identifier>pts/osbench-1.0.1</Identifier>
    <Title>OSBench</Title>
    <AppVersion></AppVersion>
    <Arguments>create_files.exe target</Arguments>
    <Description>Test: Create Files</Description>
    <Scale>us Per Event</Scale>
    <Proportion>LIB</Proportion>
    <DisplayFormat>BAR_GRAPH</DisplayFormat>
    <Data>
      <Entry>
        <Identifier>2018-12-02 08:59</Identifier>
        <Value>34.15</Value>
        <RawString>37.794533:37.007203:27.643072</RawString>
        <JSON>{"compiler-options":{"compiler-type":"CC","compiler":"gcc","compiler-options":""}}</JSON>
      </Entry>
    </Data>
  </Result>
  <Result>
    <Identifier>pts/osbench-1.0.1</Identifier>
    <Title>OSBench</Title>
    <AppVersion></AppVersion>
    <Arguments>create_threads.exe</Arguments>
    <Description>Test: Create Threads</Description>
    <Scale>us Per Event</Scale>
    <Proportion>LIB</Proportion>
    <DisplayFormat>BAR_GRAPH</DisplayFormat>
    <Data>
      <Entry>
        <Identifier>2018-12-02 08:59</Identifier>
        <Value>42.00</Value>
        <RawString>32.510757:48.758984:44.732094</RawString>
        <JSON>{"compiler-options":{"compiler-type":"CC","compiler":"gcc","compiler-options":""}}</JSON>
      </Entry>
    </Data>
  </Result>
  <Result>
    <Identifier>pts/osbench-1.0.1</Identifier>
    <Title>OSBench</Title>
    <AppVersion></AppVersion>
    <Arguments>launch_programs.exe</Arguments>
    <Description>Test: Launch Programs</Description>
    <Scale>us Per Event</Scale>
    <Proportion>LIB</Proportion>
    <DisplayFormat>BAR_GRAPH</DisplayFormat>
    <Data>
      <Entry>
        <Identifier>2018-12-02 08:59</Identifier>
        <Value>306.47</Value>
        <RawString>329.170227:297.749043:292.479992</RawString>
        <JSON>{"compiler-options":{"compiler-type":"CC","compiler":"gcc","compiler-options":""}}</JSON>
      </Entry>
    </Data>
  </Result>
  <Result>
    <Identifier>pts/osbench-1.0.1</Identifier>
    <Title>OSBench</Title>
    <AppVersion></AppVersion>
    <Arguments>create_processes.exe</Arguments>
    <Description>Test: Create Processes</Description>
    <Scale>us Per Event</Scale>
    <Proportion>LIB</Proportion>
    <DisplayFormat>BAR_GRAPH</DisplayFormat>
    <Data>
      <Entry>
        <Identifier>2018-12-02 08:59</Identifier>
        <Value>70.81</Value>
        <RawString>74.679852:66.430569:71.33007</RawString>
        <JSON>{"compiler-options":{"compiler-type":"CC","compiler":"gcc","compiler-options":""}}</JSON>
      </Entry>
    </Data>
  </Result>
  <Result>
    <Identifier>pts/osbench-1.0.1</Identifier>
    <Title>OSBench</Title>
    <AppVersion></AppVersion>
    <Arguments>mem_alloc.exe</Arguments>
    <Description>Test: Memory Allocations</Description>
    <Scale>Ns Per Event</Scale>
    <Proportion>LIB</Proportion>
    <DisplayFormat>BAR_GRAPH</DisplayFormat>
    <Data>
      <Entry>
        <Identifier>2018-12-02 08:59</Identifier>
        <Value>169.16</Value>
        <RawString>168.962955:169.242144:169.284105</RawString>
        <JSON>{"compiler-options":{"compiler-type":"CC","compiler":"gcc","compiler-options":""}}</JSON>
      </Entry>
    </Data>
  </Result>
</PhoronixTestSuite>
